<?xml version="1.0" encoding="UTF-8"?>
<robot generator="Robot 5.0.1 (Python 3.10.6 on win32)" generated="20220810 21:23:31.538" rpa="false" schemaversion="3">
<suite id="s1" name="TestDemo3" source="C:\Users\WONDERS\Desktop\training\TestSuites\Udemy\TestDemo3.robot">
<test id="s1-t1" name="Validate Child window functionality" line="11">
<kw name="open the browser with OrangeDemo url" library="training_resource" type="SETUP">
<kw name="Create Webdriver" library="SeleniumLibrary">
<arg>Chrome</arg>
<arg>executable_path=chromedriver</arg>
<doc>Creates an instance of Selenium WebDriver.</doc>
<msg timestamp="20220810 21:23:31.756" level="INFO">Creating an instance of the Chrome WebDriver.</msg>
<status status="PASS" starttime="20220810 21:23:31.756" endtime="20220810 21:23:32.998"/>
</kw>
<kw name="Maximize Browser Window" library="SeleniumLibrary">
<doc>Maximizes current browser window.</doc>
<status status="PASS" starttime="20220810 21:23:33.002" endtime="20220810 21:23:33.136"/>
</kw>
<kw name="Set Browser Implicit Wait" library="SeleniumLibrary">
<arg>10 s</arg>
<doc>Sets the implicit wait value used by Selenium.</doc>
<status status="PASS" starttime="20220810 21:23:33.136" endtime="20220810 21:23:33.136"/>
</kw>
<if>
<branch type="IF" condition="'${url}' == 'site1'">
<kw name="Set Variable" library="BuiltIn">
<var>${url}</var>
<arg>https://www.rahulshettyacademy.com/loginpagePractise/</arg>
<doc>Returns the given values which can then be assigned to a variables.</doc>
<msg timestamp="20220810 21:23:33.136" level="INFO">${url} = https://www.rahulshettyacademy.com/loginpagePractise/</msg>
<status status="PASS" starttime="20220810 21:23:33.136" endtime="20220810 21:23:33.136"/>
</kw>
<status status="PASS" starttime="20220810 21:23:33.136" endtime="20220810 21:23:33.144"/>
</branch>
<branch type="ELSE IF" condition="'${url}' == 'site2'">
<kw name="Set Variable" library="BuiltIn">
<var>${url}</var>
<arg>https://rahulshettyacademy.com</arg>
<doc>Returns the given values which can then be assigned to a variables.</doc>
<status status="NOT RUN" starttime="20220810 21:23:33.144" endtime="20220810 21:23:33.144"/>
</kw>
<status status="NOT RUN" starttime="20220810 21:23:33.144" endtime="20220810 21:23:33.144"/>
</branch>
<status status="PASS" starttime="20220810 21:23:33.136" endtime="20220810 21:23:33.144"/>
</if>
<kw name="Go To" library="SeleniumLibrary">
<arg>${url}</arg>
<doc>Navigates the current browser window to the provided ``url``.</doc>
<msg timestamp="20220810 21:23:33.144" level="INFO">Opening url 'https://www.rahulshettyacademy.com/loginpagePractise/'</msg>
<status status="PASS" starttime="20220810 21:23:33.144" endtime="20220810 21:23:33.888"/>
</kw>
<status status="PASS" starttime="20220810 21:23:31.756" endtime="20220810 21:23:33.888"/>
</kw>
<kw name="Select the link of the child window">
<kw name="Click Element" library="SeleniumLibrary">
<arg>css:.blinkingText</arg>
<doc>Click the element identified by ``locator``.</doc>
<msg timestamp="20220810 21:23:33.896" level="INFO">Clicking element 'css:.blinkingText'.</msg>
<status status="PASS" starttime="20220810 21:23:33.892" endtime="20220810 21:23:33.970"/>
</kw>
<kw name="Sleep" library="BuiltIn">
<arg>5</arg>
<doc>Pauses the test executed for the given time.</doc>
<msg timestamp="20220810 21:23:38.981" level="INFO">Slept 5 seconds</msg>
<status status="PASS" starttime="20220810 21:23:33.973" endtime="20220810 21:23:38.981"/>
</kw>
<status status="PASS" starttime="20220810 21:23:33.892" endtime="20220810 21:23:38.981"/>
</kw>
<kw name="Verify the user is switched to child window">
<kw name="Switch Window" library="SeleniumLibrary">
<arg>NEW</arg>
<doc>Switches to browser window matching ``locator``.</doc>
<status status="PASS" starttime="20220810 21:23:38.983" endtime="20220810 21:23:38.993"/>
</kw>
<kw name="Element Text Should Be" library="SeleniumLibrary">
<arg>css:h1</arg>
<arg>DOCUMENTS REQUEST</arg>
<doc>Verifies that element ``locator`` contains exact the text ``expected``.</doc>
<msg timestamp="20220810 21:23:38.993" level="INFO">Verifying element 'css:h1' contains exact text 'DOCUMENTS REQUEST'.</msg>
<status status="PASS" starttime="20220810 21:23:38.993" endtime="20220810 21:23:39.028"/>
</kw>
<status status="PASS" starttime="20220810 21:23:38.983" endtime="20220810 21:23:39.033"/>
</kw>
<kw name="Grab the email id in the child window">
<kw name="Get Text" library="SeleniumLibrary">
<var>${text}</var>
<arg>css:.red</arg>
<doc>Returns the text value of the element identified by ``locator``.</doc>
<msg timestamp="20220810 21:23:39.053" level="INFO">${text} = Please email us at mentor@rahulshettyacademy.com with below template to receive response</msg>
<status status="PASS" starttime="20220810 21:23:39.033" endtime="20220810 21:23:39.053"/>
</kw>
<kw name="Split String" library="String">
<var>@{words}</var>
<arg>${text}</arg>
<arg>at</arg>
<doc>Splits the ``string`` using ``separator`` as a delimiter string.</doc>
<msg timestamp="20220810 21:23:39.053" level="INFO">@{words} = [ Please email us  |  mentor@rahulshettyacademy.com with below templ | e to receive response ]</msg>
<status status="PASS" starttime="20220810 21:23:39.053" endtime="20220810 21:23:39.053"/>
</kw>
<kw name="Get From List" library="Collections">
<var>${textSplit}</var>
<arg>${words}</arg>
<arg>1</arg>
<doc>Returns the value specified with an ``index`` from ``list``.</doc>
<msg timestamp="20220810 21:23:39.058" level="INFO">${textSplit} =  mentor@rahulshettyacademy.com with below templ</msg>
<status status="PASS" starttime="20220810 21:23:39.058" endtime="20220810 21:23:39.058"/>
</kw>
<kw name="Log" library="BuiltIn">
<arg>${textSplit}</arg>
<doc>Logs the given message with the given level.</doc>
<msg timestamp="20220810 21:23:39.060" level="INFO"> mentor@rahulshettyacademy.com with below templ</msg>
<status status="PASS" starttime="20220810 21:23:39.060" endtime="20220810 21:23:39.060"/>
</kw>
<kw name="Split String" library="String">
<var>@{word_2}</var>
<arg>${textSplit}</arg>
<arg>with</arg>
<doc>Splits the ``string`` using ``separator`` as a delimiter string.</doc>
<msg timestamp="20220810 21:23:39.061" level="INFO">@{word_2} = [  mentor@rahulshettyacademy.com  |  below templ ]</msg>
<status status="PASS" starttime="20220810 21:23:39.061" endtime="20220810 21:23:39.061"/>
</kw>
<kw name="Get From List" library="Collections">
<var>${email}</var>
<arg>${word_2}</arg>
<arg>0</arg>
<doc>Returns the value specified with an ``index`` from ``list``.</doc>
<msg timestamp="20220810 21:23:39.061" level="INFO">${email} =  mentor@rahulshettyacademy.com </msg>
<status status="PASS" starttime="20220810 21:23:39.061" endtime="20220810 21:23:39.061"/>
</kw>
<kw name="Set Global Variable" library="BuiltIn">
<arg>${email}</arg>
<doc>Makes a variable available globally in all tests and suites.</doc>
<msg timestamp="20220810 21:23:39.063" level="INFO">${email} =  mentor@rahulshettyacademy.com </msg>
<status status="PASS" starttime="20220810 21:23:39.063" endtime="20220810 21:23:39.063"/>
</kw>
<status status="PASS" starttime="20220810 21:23:39.033" endtime="20220810 21:23:39.064"/>
</kw>
<kw name="Switch to Parent window to enter the email">
<kw name="Switch Window" library="SeleniumLibrary">
<arg>MAIN</arg>
<doc>Switches to browser window matching ``locator``.</doc>
<status status="PASS" starttime="20220810 21:23:39.064" endtime="20220810 21:23:39.086"/>
</kw>
<kw name="Title Should Be" library="SeleniumLibrary">
<arg>LoginPage Practise | Rahul Shetty Academy</arg>
<doc>Verifies that the current page title equals ``title``.</doc>
<msg timestamp="20220810 21:23:39.094" level="INFO">Page title is 'LoginPage Practise | Rahul Shetty Academy'.</msg>
<status status="PASS" starttime="20220810 21:23:39.086" endtime="20220810 21:23:39.095"/>
</kw>
<kw name="Input Text" library="SeleniumLibrary">
<arg>id:username</arg>
<arg>${email}</arg>
<doc>Types the given ``text`` into the text field identified by ``locator``.</doc>
<msg timestamp="20220810 21:23:39.098" level="INFO">Typing text ' mentor@rahulshettyacademy.com ' into text field 'id:username'.</msg>
<status status="PASS" starttime="20220810 21:23:39.097" endtime="20220810 21:23:39.233"/>
</kw>
<kw name="Sleep" library="BuiltIn">
<arg>5</arg>
<doc>Pauses the test executed for the given time.</doc>
<msg timestamp="20220810 21:23:44.238" level="INFO">Slept 5 seconds</msg>
<status status="PASS" starttime="20220810 21:23:39.233" endtime="20220810 21:23:44.238"/>
</kw>
<status status="PASS" starttime="20220810 21:23:39.064" endtime="20220810 21:23:44.240"/>
</kw>
<kw name="close browser session" library="training_resource" type="TEARDOWN">
<kw name="Close Browser" library="SeleniumLibrary">
<doc>Closes the current browser.</doc>
<status status="PASS" starttime="20220810 21:23:44.243" endtime="20220810 21:23:46.622"/>
</kw>
<status status="PASS" starttime="20220810 21:23:44.243" endtime="20220810 21:23:46.623"/>
</kw>
<status status="PASS" starttime="20220810 21:23:31.756" endtime="20220810 21:23:46.623"/>
</test>
<doc>To validate the child window</doc>
<status status="PASS" starttime="20220810 21:23:31.586" endtime="20220810 21:23:46.634"/>
</suite>
<statistics>
<total>
<stat pass="1" fail="0" skip="0">All Tests</stat>
</total>
<tag>
</tag>
<suite>
<stat pass="1" fail="0" skip="0" id="s1" name="TestDemo3">TestDemo3</stat>
</suite>
</statistics>
<errors>
<msg timestamp="20220810 21:23:31.613" level="ERROR">Error in file 'C:\Users\WONDERS\Desktop\training\TestSuites\Udemy\TestDemo3.robot' on line 5: Importing library 'AllureReportingLibrary' failed: ModuleNotFoundError: No module named 'AllureReportingLibrary'
Traceback (most recent call last):
  None
PYTHONPATH:
  C:\Users\WONDERS\Desktop\training\venv\Scripts\robot.exe
  C:\Users\WONDERS\AppData\Local\Programs\Python\Python310\python310.zip
  C:\Users\WONDERS\AppData\Local\Programs\Python\Python310\DLLs
  C:\Users\WONDERS\AppData\Local\Programs\Python\Python310\lib
  C:\Users\WONDERS\AppData\Local\Programs\Python\Python310
  C:\Users\WONDERS\Desktop\training\venv
  C:\Users\WONDERS\Desktop\training\venv\lib\site-packages</msg>
</errors>
</robot>
