<?xml version="1.0" encoding="UTF-8"?>
<robot generator="Robot 5.0.1 (Python 3.10.6 on win32)" generated="20220811 02:37:31.511" rpa="false" schemaversion="3">
<suite id="s1" name="PageObjectDemo" source="C:\Users\WONDERS\Desktop\training\TestSuites\Udemy\PageObjectDemo.robot">
<test id="s1-t1" name="Verify card display in the shopping page" line="22">
<kw name="open the browser with OrangeDemo url" library="Generic" type="SETUP">
<kw name="Create Webdriver" library="SeleniumLibrary">
<arg>Chrome</arg>
<arg>executable_path=chromedriver</arg>
<doc>Creates an instance of Selenium WebDriver.</doc>
<msg timestamp="20220811 02:37:31.647" level="INFO">Creating an instance of the Chrome WebDriver.</msg>
<status status="PASS" starttime="20220811 02:37:31.647" endtime="20220811 02:37:32.734"/>
</kw>
<kw name="Delete All Cookies" library="SeleniumLibrary">
<doc>Deletes all cookies.</doc>
<status status="PASS" starttime="20220811 02:37:32.734" endtime="20220811 02:37:32.740"/>
</kw>
<kw name="Maximize Browser Window" library="SeleniumLibrary">
<doc>Maximizes current browser window.</doc>
<status status="PASS" starttime="20220811 02:37:32.740" endtime="20220811 02:37:32.868"/>
</kw>
<kw name="Set Browser Implicit Wait" library="SeleniumLibrary">
<arg>10 s</arg>
<doc>Sets the implicit wait value used by Selenium.</doc>
<status status="PASS" starttime="20220811 02:37:32.868" endtime="20220811 02:37:32.871"/>
</kw>
<if>
<branch type="IF" condition="'${url}' == 'site1'">
<kw name="Set Variable" library="BuiltIn">
<var>${url}</var>
<arg>https://www.rahulshettyacademy.com/loginpagePractise/</arg>
<doc>Returns the given values which can then be assigned to a variables.</doc>
<msg timestamp="20220811 02:37:32.872" level="INFO">${url} = https://www.rahulshettyacademy.com/loginpagePractise/</msg>
<status status="PASS" starttime="20220811 02:37:32.872" endtime="20220811 02:37:32.872"/>
</kw>
<status status="PASS" starttime="20220811 02:37:32.871" endtime="20220811 02:37:32.872"/>
</branch>
<branch type="ELSE IF" condition="'${url}' == 'site2'">
<kw name="Set Variable" library="BuiltIn">
<var>${url}</var>
<arg>https://rahulshettyacademy.com</arg>
<doc>Returns the given values which can then be assigned to a variables.</doc>
<status status="NOT RUN" starttime="20220811 02:37:32.873" endtime="20220811 02:37:32.873"/>
</kw>
<status status="NOT RUN" starttime="20220811 02:37:32.873" endtime="20220811 02:37:32.873"/>
</branch>
<status status="PASS" starttime="20220811 02:37:32.871" endtime="20220811 02:37:32.873"/>
</if>
<kw name="Go To" library="SeleniumLibrary">
<arg>${url}</arg>
<doc>Navigates the current browser window to the provided ``url``.</doc>
<msg timestamp="20220811 02:37:32.874" level="INFO">Opening url 'https://www.rahulshettyacademy.com/loginpagePractise/'</msg>
<status status="PASS" starttime="20220811 02:37:32.873" endtime="20220811 02:37:33.398"/>
</kw>
<status status="PASS" starttime="20220811 02:37:31.647" endtime="20220811 02:37:33.398"/>
</kw>
<kw name="Fill out the login form" library="LandingPage">
<arg>${user_name}</arg>
<arg>${valid_password}</arg>
<kw name="Input Text" library="SeleniumLibrary">
<arg>id:username</arg>
<arg>${username}</arg>
<doc>Types the given ``text`` into the text field identified by ``locator``.</doc>
<msg timestamp="20220811 02:37:33.400" level="INFO">Typing text 'rahulshettyacademy' into text field 'id:username'.</msg>
<status status="PASS" starttime="20220811 02:37:33.399" endtime="20220811 02:37:33.493"/>
</kw>
<kw name="Input Password" library="SeleniumLibrary">
<arg>id:password</arg>
<arg>${password}</arg>
<doc>Types the given password into the text field identified by ``locator``.</doc>
<msg timestamp="20220811 02:37:33.494" level="INFO">Typing password into text field 'id:password'.</msg>
<msg timestamp="20220811 02:37:33.522" level="INFO">Temporally setting log level to: NONE</msg>
<msg timestamp="20220811 02:37:33.545" level="INFO">Log level changed from NONE to INFO.</msg>
<status status="PASS" starttime="20220811 02:37:33.493" endtime="20220811 02:37:33.545"/>
</kw>
<status status="PASS" starttime="20220811 02:37:33.399" endtime="20220811 02:37:33.545"/>
</kw>
<kw name="click the login button" library="LandingPage">
<kw name="Click Button" library="SeleniumLibrary">
<arg>id:signInBtn</arg>
<doc>Clicks the button identified by ``locator``.</doc>
<msg timestamp="20220811 02:37:33.546" level="INFO">Clicking button 'id:signInBtn'.</msg>
<status status="PASS" starttime="20220811 02:37:33.546" endtime="20220811 02:37:33.579"/>
</kw>
<status status="PASS" starttime="20220811 02:37:33.546" endtime="20220811 02:37:33.579"/>
</kw>
<kw name="wait until element is located in the page" library="ShopPage">
<kw name="wait until element passed is located on page" library="Generic">
<arg>${shop_page_load}</arg>
<kw name="Wait Until Element Is Visible" library="SeleniumLibrary">
<arg>${page_locator}</arg>
<doc>Waits until the element ``locator`` is visible.</doc>
<status status="PASS" starttime="20220811 02:37:33.579" endtime="20220811 02:37:37.604"/>
</kw>
<status status="PASS" starttime="20220811 02:37:33.579" endtime="20220811 02:37:37.604"/>
</kw>
<status status="PASS" starttime="20220811 02:37:33.579" endtime="20220811 02:37:37.604"/>
</kw>
<kw name="verify card titles in the shop page" library="ShopPage">
<kw name="Create List" library="BuiltIn">
<var>@{expectedList}</var>
<arg>iphone X</arg>
<arg>Samsung Note 8</arg>
<arg>Nokia Edge</arg>
<arg>Blackberry</arg>
<doc>Returns a list containing given items.</doc>
<msg timestamp="20220811 02:37:37.607" level="INFO">@{expectedList} = [ iphone X | Samsung Note 8 | Nokia Edge | Blackberry ]</msg>
<status status="PASS" starttime="20220811 02:37:37.607" endtime="20220811 02:37:37.607"/>
</kw>
<kw name="Get WebElements" library="SeleniumLibrary">
<var>${elements}</var>
<arg>css:.card-title</arg>
<doc>Returns a list of WebElement objects matching the ``locator``.</doc>
<msg timestamp="20220811 02:37:37.616" level="INFO">${elements} = [&lt;selenium.webdriver.remote.webelement.WebElement (session="941352d857bead1e6c262cb5743d78eb", element="92e692c8-55cb-4bcb-8d18-ab0a3d52fbf6")&gt;, &lt;selenium.webdriver.remote.webelement.WebElement (sessi...</msg>
<status status="PASS" starttime="20220811 02:37:37.607" endtime="20220811 02:37:37.616"/>
</kw>
<kw name="Create List" library="BuiltIn">
<var>@{actualList}</var>
<doc>Returns a list containing given items.</doc>
<msg timestamp="20220811 02:37:37.616" level="INFO">@{actualList} = [ ]</msg>
<status status="PASS" starttime="20220811 02:37:37.616" endtime="20220811 02:37:37.616"/>
</kw>
<for flavor="IN">
<var>${element}</var>
<value>@{elements}</value>
<iter>
<var name="${element}">&lt;selenium.webdriver.remote.webelement.WebElement (session="941352d857bead1e6c262cb5743d78eb", element="92e692c8-55cb-4bcb-8d18-ab0a3d52fbf6")&gt;</var>
<kw name="Log" library="BuiltIn">
<arg>${element.text}</arg>
<doc>Logs the given message with the given level.</doc>
<msg timestamp="20220811 02:37:37.627" level="INFO">iphone X</msg>
<status status="PASS" starttime="20220811 02:37:37.617" endtime="20220811 02:37:37.627"/>
</kw>
<kw name="Append To List" library="Collections">
<arg>${actual_list}</arg>
<arg>${element.text}</arg>
<doc>Adds ``values`` to the end of ``list``.</doc>
<status status="PASS" starttime="20220811 02:37:37.627" endtime="20220811 02:37:37.635"/>
</kw>
<status status="PASS" starttime="20220811 02:37:37.617" endtime="20220811 02:37:37.635"/>
</iter>
<iter>
<var name="${element}">&lt;selenium.webdriver.remote.webelement.WebElement (session="941352d857bead1e6c262cb5743d78eb", element="883f5da7-41a7-4c72-a521-db6b835b9701")&gt;</var>
<kw name="Log" library="BuiltIn">
<arg>${element.text}</arg>
<doc>Logs the given message with the given level.</doc>
<msg timestamp="20220811 02:37:37.646" level="INFO">Samsung Note 8</msg>
<status status="PASS" starttime="20220811 02:37:37.635" endtime="20220811 02:37:37.646"/>
</kw>
<kw name="Append To List" library="Collections">
<arg>${actual_list}</arg>
<arg>${element.text}</arg>
<doc>Adds ``values`` to the end of ``list``.</doc>
<status status="PASS" starttime="20220811 02:37:37.646" endtime="20220811 02:37:37.653"/>
</kw>
<status status="PASS" starttime="20220811 02:37:37.635" endtime="20220811 02:37:37.653"/>
</iter>
<iter>
<var name="${element}">&lt;selenium.webdriver.remote.webelement.WebElement (session="941352d857bead1e6c262cb5743d78eb", element="b3566f7a-717b-4ee5-99e1-7f6444cbd8af")&gt;</var>
<kw name="Log" library="BuiltIn">
<arg>${element.text}</arg>
<doc>Logs the given message with the given level.</doc>
<msg timestamp="20220811 02:37:37.663" level="INFO">Nokia Edge</msg>
<status status="PASS" starttime="20220811 02:37:37.653" endtime="20220811 02:37:37.664"/>
</kw>
<kw name="Append To List" library="Collections">
<arg>${actual_list}</arg>
<arg>${element.text}</arg>
<doc>Adds ``values`` to the end of ``list``.</doc>
<status status="PASS" starttime="20220811 02:37:37.664" endtime="20220811 02:37:37.671"/>
</kw>
<status status="PASS" starttime="20220811 02:37:37.653" endtime="20220811 02:37:37.671"/>
</iter>
<iter>
<var name="${element}">&lt;selenium.webdriver.remote.webelement.WebElement (session="941352d857bead1e6c262cb5743d78eb", element="b6fcbbd4-47f5-4500-9161-b5442d73854d")&gt;</var>
<kw name="Log" library="BuiltIn">
<arg>${element.text}</arg>
<doc>Logs the given message with the given level.</doc>
<msg timestamp="20220811 02:37:37.682" level="INFO">Blackberry</msg>
<status status="PASS" starttime="20220811 02:37:37.671" endtime="20220811 02:37:37.682"/>
</kw>
<kw name="Append To List" library="Collections">
<arg>${actual_list}</arg>
<arg>${element.text}</arg>
<doc>Adds ``values`` to the end of ``list``.</doc>
<status status="PASS" starttime="20220811 02:37:37.682" endtime="20220811 02:37:37.690"/>
</kw>
<status status="PASS" starttime="20220811 02:37:37.671" endtime="20220811 02:37:37.690"/>
</iter>
<status status="PASS" starttime="20220811 02:37:37.616" endtime="20220811 02:37:37.690"/>
</for>
<kw name="Lists Should Be Equal" library="Collections">
<arg>${expectedList}</arg>
<arg>${actualList}</arg>
<doc>Fails if given lists are unequal.</doc>
<status status="PASS" starttime="20220811 02:37:37.690" endtime="20220811 02:37:37.690"/>
</kw>
<status status="PASS" starttime="20220811 02:37:37.606" endtime="20220811 02:37:37.690"/>
</kw>
<kw name="Add Items To Cart And Checkout" library="Shop">
<arg>${listOfProducts}</arg>
<msg timestamp="20220811 02:37:37.705" level="INFO">Clicking button 'xpath:(//*[@class='card-footer'])[1]/button'.</msg>
<msg timestamp="20220811 02:37:37.765" level="INFO">Clicking button 'xpath:(//*[@class='card-footer'])[3]/button'.</msg>
<msg timestamp="20220811 02:37:37.819" level="INFO">Clicking button 'xpath:(//*[@class='card-footer'])[4]/button'.</msg>
<msg timestamp="20220811 02:37:38.123" level="INFO">Clicking element 'xpath://a[contains(text(),'Checkout')]'.</msg>
<status status="PASS" starttime="20220811 02:37:37.691" endtime="20220811 02:37:38.166"/>
</kw>
<kw name="Verify items in the Checkout Page and Proceed" library="CheckOutPage">
<kw name="Click Element" library="SeleniumLibrary">
<arg>css:.btn-success</arg>
<doc>Click the element identified by ``locator``.</doc>
<msg timestamp="20220811 02:37:38.167" level="INFO">Clicking element 'css:.btn-success'.</msg>
<status status="PASS" starttime="20220811 02:37:38.167" endtime="20220811 02:37:38.217"/>
</kw>
<status status="PASS" starttime="20220811 02:37:38.167" endtime="20220811 02:37:38.217"/>
</kw>
<kw name="Enter the Country and select the terms" library="ConfirmationPage">
<arg>@{country_name}</arg>
<kw name="Input Text" library="SeleniumLibrary">
<arg>id:country</arg>
<arg>${country_name}</arg>
<doc>Types the given ``text`` into the text field identified by ``locator``.</doc>
<msg timestamp="20220811 02:37:38.218" level="INFO">Typing text 'India' into text field 'id:country'.</msg>
<status status="PASS" starttime="20220811 02:37:38.218" endtime="20220811 02:37:38.297"/>
</kw>
<kw name="wait until element passed is located on page" library="Generic">
<arg>//a[text()='${country_name}']</arg>
<kw name="Wait Until Element Is Visible" library="SeleniumLibrary">
<arg>${page_locator}</arg>
<doc>Waits until the element ``locator`` is visible.</doc>
<status status="PASS" starttime="20220811 02:37:38.297" endtime="20220811 02:37:43.363"/>
</kw>
<status status="PASS" starttime="20220811 02:37:38.297" endtime="20220811 02:37:43.363"/>
</kw>
<kw name="Click Element" library="SeleniumLibrary">
<arg>//a[text()='${country_name}']</arg>
<doc>Click the element identified by ``locator``.</doc>
<msg timestamp="20220811 02:37:43.364" level="INFO">Clicking element '//a[text()='India']'.</msg>
<status status="PASS" starttime="20220811 02:37:43.363" endtime="20220811 02:37:43.400"/>
</kw>
<kw name="Click Element" library="SeleniumLibrary">
<arg>css:.checkbox label</arg>
<doc>Click the element identified by ``locator``.</doc>
<msg timestamp="20220811 02:37:43.401" level="INFO">Clicking element 'css:.checkbox label'.</msg>
<status status="PASS" starttime="20220811 02:37:43.401" endtime="20220811 02:37:43.438"/>
</kw>
<status status="PASS" starttime="20220811 02:37:38.218" endtime="20220811 02:37:43.438"/>
</kw>
<kw name="Purchase the Product and Confirm the purchase" library="ConfirmationPage">
<kw name="Click Button" library="SeleniumLibrary">
<arg>css:.btn-success</arg>
<doc>Clicks the button identified by ``locator``.</doc>
<msg timestamp="20220811 02:37:43.439" level="INFO">Clicking button 'css:.btn-success'.</msg>
<status status="PASS" starttime="20220811 02:37:43.439" endtime="20220811 02:37:43.487"/>
</kw>
<kw name="Page Should Contain" library="SeleniumLibrary">
<arg>Success!</arg>
<doc>Verifies that current page contains ``text``.</doc>
<msg timestamp="20220811 02:37:43.503" level="INFO">Current page contains text 'Success!'.</msg>
<status status="PASS" starttime="20220811 02:37:43.487" endtime="20220811 02:37:43.503"/>
</kw>
<status status="PASS" starttime="20220811 02:37:43.439" endtime="20220811 02:37:43.503"/>
</kw>
<kw name="close browser session" library="Generic" type="TEARDOWN">
<kw name="Close Browser" library="SeleniumLibrary">
<doc>Closes the current browser.</doc>
<status status="PASS" starttime="20220811 02:37:43.504" endtime="20220811 02:37:45.613"/>
</kw>
<status status="PASS" starttime="20220811 02:37:43.504" endtime="20220811 02:37:45.613"/>
</kw>
<status status="PASS" starttime="20220811 02:37:31.646" endtime="20220811 02:37:45.615"/>
</test>
<doc>To validate the login error message</doc>
<status status="PASS" starttime="20220811 02:37:31.512" endtime="20220811 02:37:45.618"/>
</suite>
<statistics>
<total>
<stat pass="1" fail="0" skip="0">All Tests</stat>
</total>
<tag>
</tag>
<suite>
<stat pass="1" fail="0" skip="0" id="s1" name="PageObjectDemo">PageObjectDemo</stat>
</suite>
</statistics>
<errors>
<msg timestamp="20220811 02:37:31.644" level="ERROR">Error in file 'C:\Users\WONDERS\Desktop\training\TestSuites\Udemy\PageObjectDemo.robot' on line 10: Importing library 'AllureReportingLibrary' failed: ModuleNotFoundError: No module named 'AllureReportingLibrary'
Traceback (most recent call last):
  None
PYTHONPATH:
  C:\Users\WONDERS\Desktop\training\venv\Scripts\robot.exe
  C:\Users\WONDERS\AppData\Local\Programs\Python\Python310\python310.zip
  C:\Users\WONDERS\AppData\Local\Programs\Python\Python310\DLLs
  C:\Users\WONDERS\AppData\Local\Programs\Python\Python310\lib
  C:\Users\WONDERS\AppData\Local\Programs\Python\Python310
  C:\Users\WONDERS\Desktop\training\venv
  C:\Users\WONDERS\Desktop\training\venv\lib\site-packages</msg>
</errors>
</robot>
