<?xml version="1.0" encoding="UTF-8"?>
<robot generator="Robot 5.0.1 (Python 3.10.6 on win32)" generated="20220810 01:14:06.459" rpa="false" schemaversion="3">
<suite id="s1" name="SendOrderTest" source="C:\Users\WONDERS\Desktop\training\TestSuites\SendOrderTest.robot">
<test id="s1-t1" name="Verify if the user send a delivery order" line="13">
<kw name="open the browser with POS url" library="resource" type="SETUP">
<kw name="Open Browser" library="SeleniumLibrary">
<arg>${url}</arg>
<arg>${browser}</arg>
<doc>Opens a new browser instance to the optional ``url``.</doc>
<msg timestamp="20220810 01:14:06.587" level="INFO">Opening browser 'chrome' to base url 'https://qa.letsdochinese.com/KJTCore/resources/index.html'.</msg>
<status status="PASS" starttime="20220810 01:14:06.587" endtime="20220810 01:14:11.509"/>
</kw>
<kw name="Set Browser Implicit Wait" library="SeleniumLibrary">
<arg>10 s</arg>
<doc>Sets the implicit wait value used by Selenium.</doc>
<status status="PASS" starttime="20220810 01:14:11.509" endtime="20220810 01:14:11.510"/>
</kw>
<kw name="Maximize Browser Window" library="SeleniumLibrary">
<doc>Maximizes current browser window.</doc>
<status status="PASS" starttime="20220810 01:14:11.510" endtime="20220810 01:14:11.633"/>
</kw>
<kw name="Sleep" library="BuiltIn">
<arg>3</arg>
<doc>Pauses the test executed for the given time.</doc>
<msg timestamp="20220810 01:14:14.639" level="INFO">Slept 3 seconds</msg>
<status status="PASS" starttime="20220810 01:14:11.635" endtime="20220810 01:14:14.639"/>
</kw>
<status status="PASS" starttime="20220810 01:14:06.586" endtime="20220810 01:14:14.639"/>
</kw>
<kw name="fill out the username and password fields" library="LoginPage">
<arg>${user_name_txt}</arg>
<arg>${valid_password_txt}</arg>
<kw name="Wait Until Element Is Visible" library="SeleniumLibrary">
<arg>${username_locator}</arg>
<doc>Waits until the element ``locator`` is visible.</doc>
<status status="PASS" starttime="20220810 01:14:14.640" endtime="20220810 01:14:14.664"/>
</kw>
<kw name="Input Text" library="SeleniumLibrary">
<arg>${username_locator}</arg>
<arg>${username}</arg>
<doc>Types the given ``text`` into the text field identified by ``locator``.</doc>
<msg timestamp="20220810 01:14:14.664" level="INFO">Typing text 'aora' into text field 'id:username'.</msg>
<status status="PASS" starttime="20220810 01:14:14.664" endtime="20220810 01:14:14.716"/>
</kw>
<kw name="Input Password" library="SeleniumLibrary">
<arg>${password_locator}</arg>
<arg>${password}</arg>
<doc>Types the given password into the text field identified by ``locator``.</doc>
<msg timestamp="20220810 01:14:14.716" level="INFO">Typing password into text field 'id:password'.</msg>
<msg timestamp="20220810 01:14:14.742" level="INFO">Temporally setting log level to: NONE</msg>
<msg timestamp="20220810 01:14:14.772" level="INFO">Log level changed from NONE to INFO.</msg>
<status status="PASS" starttime="20220810 01:14:14.716" endtime="20220810 01:14:14.772"/>
</kw>
<status status="PASS" starttime="20220810 01:14:14.639" endtime="20220810 01:14:14.772"/>
</kw>
<kw name="click the login button" library="LoginPage">
<arg>${login_btn}</arg>
<kw name="Click Button" library="SeleniumLibrary">
<arg>${login}</arg>
<doc>Clicks the button identified by ``locator``.</doc>
<msg timestamp="20220810 01:14:14.772" level="INFO">Clicking button 'id:login'.</msg>
<status status="PASS" starttime="20220810 01:14:14.772" endtime="20220810 01:14:14.822"/>
</kw>
<status status="PASS" starttime="20220810 01:14:14.772" endtime="20220810 01:14:14.822"/>
</kw>
<kw name="check if main page is visible" library="LandingPage">
<kw name="Sleep" library="BuiltIn">
<arg>3</arg>
<doc>Pauses the test executed for the given time.</doc>
<msg timestamp="20220810 01:14:17.832" level="INFO">Slept 3 seconds</msg>
<status status="PASS" starttime="20220810 01:14:14.822" endtime="20220810 01:14:17.832"/>
</kw>
<kw name="Wait Until Element Is Visible" library="SeleniumLibrary">
<arg>${username_lbl}</arg>
<arg>10s</arg>
<doc>Waits until the element ``locator`` is visible.</doc>
<status status="PASS" starttime="20220810 01:14:17.832" endtime="20220810 01:14:18.949"/>
</kw>
<status status="PASS" starttime="20220810 01:14:14.822" endtime="20220810 01:14:18.950"/>
</kw>
<kw name="check if the user_lbl is correct" library="LandingPage">
<kw name="Element Text Should Be" library="SeleniumLibrary">
<arg>${username_lbl}</arg>
<arg>${user_name_login}</arg>
<doc>Verifies that element ``locator`` contains exact the text ``expected``.</doc>
<msg timestamp="20220810 01:14:18.951" level="INFO">Verifying element 'id:username' contains exact text 'AORA - TRAINEE - MNL'.</msg>
<status status="PASS" starttime="20220810 01:14:18.951" endtime="20220810 01:14:18.969"/>
</kw>
<status status="PASS" starttime="20220810 01:14:18.950" endtime="20220810 01:14:18.969"/>
</kw>
<kw name="select restaurant" library="LandingPage">
<kw name="Wait Until Element Is Visible" library="SeleniumLibrary">
<arg>${restaurant_btn}</arg>
<doc>Waits until the element ``locator`` is visible.</doc>
<status status="PASS" starttime="20220810 01:14:18.971" endtime="20220810 01:14:23.674"/>
</kw>
<kw name="Click Element" library="SeleniumLibrary">
<arg>${restaurant_btn}</arg>
<doc>Click the element identified by ``locator``.</doc>
<msg timestamp="20220810 01:14:23.674" level="INFO">Clicking element 'xpath://*[@id="eb801cf9-3baf-11e9-b9d2-0ae6b636cf20"]'.</msg>
<status status="PASS" starttime="20220810 01:14:23.674" endtime="20220810 01:14:32.384"/>
</kw>
<status status="PASS" starttime="20220810 01:14:18.970" endtime="20220810 01:14:32.384"/>
</kw>
<kw name="select an order type" library="OrderingPage">
<kw name="Click Element" library="SeleniumLibrary">
<arg>${res_delivery_btn}</arg>
<doc>Click the element identified by ``locator``.</doc>
<msg timestamp="20220810 01:14:32.385" level="INFO">Clicking element 'xpath://div[@id='delivery']'.</msg>
<status status="PASS" starttime="20220810 01:14:32.384" endtime="20220810 01:14:32.453"/>
</kw>
<kw name="Sleep" library="BuiltIn">
<arg>3</arg>
<doc>Pauses the test executed for the given time.</doc>
<msg timestamp="20220810 01:14:35.453" level="INFO">Slept 3 seconds</msg>
<status status="PASS" starttime="20220810 01:14:32.453" endtime="20220810 01:14:35.453"/>
</kw>
<status status="PASS" starttime="20220810 01:14:32.384" endtime="20220810 01:14:35.454"/>
</kw>
<kw name="enter details" library="OrderingPage">
<kw name="Sample Keyword" library="Activity">
<msg timestamp="20220810 01:14:35.456" level="INFO">Hello</msg>
<status status="PASS" starttime="20220810 01:14:35.455" endtime="20220810 01:14:35.456"/>
</kw>
<kw name="Wait Until Element Is Visible" library="SeleniumLibrary">
<arg>${phone_txt_locator}</arg>
<doc>Waits until the element ``locator`` is visible.</doc>
<status status="PASS" starttime="20220810 01:14:35.456" endtime="20220810 01:14:35.480"/>
</kw>
<kw name="Input Text" library="SeleniumLibrary">
<arg>${phone_txt_locator}</arg>
<arg>${number}</arg>
<doc>Types the given ``text`` into the text field identified by ``locator``.</doc>
<msg timestamp="20220810 01:14:35.481" level="INFO">Typing text '(321) 560-7043' into text field 'id:originPhone'.</msg>
<status status="PASS" starttime="20220810 01:14:35.481" endtime="20220810 01:14:35.563"/>
</kw>
<kw name="Press Keys" library="SeleniumLibrary">
<arg>${phone_txt_locator}</arg>
<arg>ENTER</arg>
<doc>Simulates the user pressing key(s) to an element or on the active browser.</doc>
<msg timestamp="20220810 01:14:35.563" level="INFO">Sending key(s) ('ENTER',) to id:originPhone element.</msg>
<msg timestamp="20220810 01:14:35.873" level="INFO">Pressing special key ENTER to element.</msg>
<msg timestamp="20220810 01:14:35.873" level="INFO">Releasing special key ENTER.</msg>
<status status="PASS" starttime="20220810 01:14:35.563" endtime="20220810 01:14:35.885"/>
</kw>
<kw name="Press Keys" library="SeleniumLibrary">
<arg>${phone_txt_locator}</arg>
<arg>ENTER</arg>
<doc>Simulates the user pressing key(s) to an element or on the active browser.</doc>
<msg timestamp="20220810 01:14:35.885" level="INFO">Sending key(s) ('ENTER',) to id:originPhone element.</msg>
<msg timestamp="20220810 01:14:36.176" level="INFO">Pressing special key ENTER to element.</msg>
<msg timestamp="20220810 01:14:36.176" level="INFO">Releasing special key ENTER.</msg>
<status status="PASS" starttime="20220810 01:14:35.885" endtime="20220810 01:14:36.189"/>
</kw>
<kw name="Wait Until Element Is Visible" library="SeleniumLibrary">
<arg>${street_res}</arg>
<doc>Waits until the element ``locator`` is visible.</doc>
<status status="PASS" starttime="20220810 01:14:36.189" endtime="20220810 01:14:36.207"/>
</kw>
<kw name="Input Text" library="SeleniumLibrary">
<arg>${street_res}</arg>
<arg>NEW YORK</arg>
<doc>Types the given ``text`` into the text field identified by ``locator``.</doc>
<msg timestamp="20220810 01:14:36.207" level="INFO">Typing text 'NEW YORK' into text field 'id:address1'.</msg>
<status status="PASS" starttime="20220810 01:14:36.207" endtime="20220810 01:14:36.281"/>
</kw>
<kw name="Press Keys" library="SeleniumLibrary">
<arg>${phone_txt_locator}</arg>
<arg>ENTER</arg>
<doc>Simulates the user pressing key(s) to an element or on the active browser.</doc>
<msg timestamp="20220810 01:14:36.282" level="INFO">Sending key(s) ('ENTER',) to id:originPhone element.</msg>
<msg timestamp="20220810 01:14:36.594" level="INFO">Pressing special key ENTER to element.</msg>
<msg timestamp="20220810 01:14:36.594" level="INFO">Releasing special key ENTER.</msg>
<status status="PASS" starttime="20220810 01:14:36.281" endtime="20220810 01:14:36.618"/>
</kw>
<kw name="Press Keys" library="SeleniumLibrary">
<arg>${phone_txt_locator}</arg>
<arg>ENTER</arg>
<doc>Simulates the user pressing key(s) to an element or on the active browser.</doc>
<msg timestamp="20220810 01:14:36.618" level="INFO">Sending key(s) ('ENTER',) to id:originPhone element.</msg>
<msg timestamp="20220810 01:14:36.897" level="INFO">Pressing special key ENTER to element.</msg>
<msg timestamp="20220810 01:14:36.897" level="INFO">Releasing special key ENTER.</msg>
<status status="PASS" starttime="20220810 01:14:36.618" endtime="20220810 01:14:36.906"/>
</kw>
<kw name="Wait Until Element Is Visible" library="SeleniumLibrary">
<arg>${city_txt_locator}</arg>
<doc>Waits until the element ``locator`` is visible.</doc>
<status status="PASS" starttime="20220810 01:14:36.906" endtime="20220810 01:14:36.921"/>
</kw>
<kw name="Input Text" library="SeleniumLibrary">
<arg>${city_txt_locator}</arg>
<arg>MEDINA</arg>
<doc>Types the given ``text`` into the text field identified by ``locator``.</doc>
<msg timestamp="20220810 01:14:36.922" level="INFO">Typing text 'MEDINA' into text field 'id:city'.</msg>
<status status="PASS" starttime="20220810 01:14:36.921" endtime="20220810 01:14:36.968"/>
</kw>
<kw name="Press Keys" library="SeleniumLibrary">
<arg>${city_txt_locator}</arg>
<arg>ENTER</arg>
<doc>Simulates the user pressing key(s) to an element or on the active browser.</doc>
<msg timestamp="20220810 01:14:36.968" level="INFO">Sending key(s) ('ENTER',) to id:city element.</msg>
<msg timestamp="20220810 01:14:37.263" level="INFO">Pressing special key ENTER to element.</msg>
<msg timestamp="20220810 01:14:37.263" level="INFO">Releasing special key ENTER.</msg>
<status status="PASS" starttime="20220810 01:14:36.968" endtime="20220810 01:14:37.282"/>
</kw>
<status status="PASS" starttime="20220810 01:14:35.455" endtime="20220810 01:14:37.282"/>
</kw>
<kw name="select category" library="OrderingPage">
<kw name="Wait Until Element Is Enabled" library="SeleniumLibrary">
<arg>${cat_btn}</arg>
<doc>Waits until the element ``locator`` is enabled.</doc>
<status status="PASS" starttime="20220810 01:14:37.283" endtime="20220810 01:14:37.311"/>
</kw>
<kw name="Click Element" library="SeleniumLibrary">
<arg>${cat_btn}</arg>
<doc>Click the element identified by ``locator``.</doc>
<msg timestamp="20220810 01:14:37.312" level="INFO">Clicking element 'xpath://div[contains(text(),'CHICKEN')]'.</msg>
<status status="PASS" starttime="20220810 01:14:37.311" endtime="20220810 01:14:37.364"/>
</kw>
<status status="PASS" starttime="20220810 01:14:37.283" endtime="20220810 01:14:37.364"/>
</kw>
<kw name="select dish" library="OrderingPage">
<kw name="Wait Until Element Is Enabled" library="SeleniumLibrary">
<arg>${dish_btn}</arg>
<doc>Waits until the element ``locator`` is enabled.</doc>
<status status="PASS" starttime="20220810 01:14:37.366" endtime="20220810 01:14:37.397"/>
</kw>
<kw name="Click Element" library="SeleniumLibrary">
<arg>${dish_btn}</arg>
<doc>Click the element identified by ``locator``.</doc>
<msg timestamp="20220810 01:14:37.398" level="INFO">Clicking element 'id:dish_76172f3b-de16-4052-baba-83dbda0041ed'.</msg>
<status status="PASS" starttime="20220810 01:14:37.397" endtime="20220810 01:14:37.479"/>
</kw>
<kw name="Click Element" library="SeleniumLibrary">
<arg>xpath://*[@id="askAndClickModal"]/div/div/div[3]/button</arg>
<doc>Click the element identified by ``locator``.</doc>
<msg timestamp="20220810 01:14:37.480" level="INFO">Clicking element 'xpath://*[@id="askAndClickModal"]/div/div/div[3]/button'.</msg>
<status status="PASS" starttime="20220810 01:14:37.479" endtime="20220810 01:14:37.649"/>
</kw>
<kw name="Sleep" library="BuiltIn">
<arg>10</arg>
<doc>Pauses the test executed for the given time.</doc>
<msg timestamp="20220810 01:14:47.653" level="INFO">Slept 10 seconds</msg>
<status status="PASS" starttime="20220810 01:14:37.649" endtime="20220810 01:14:47.653"/>
</kw>
<status status="PASS" starttime="20220810 01:14:37.365" endtime="20220810 01:14:47.654"/>
</kw>
<kw name="close browser session" library="resource" type="TEARDOWN">
<kw name="Close Browser" library="SeleniumLibrary">
<doc>Closes the current browser.</doc>
<status status="PASS" starttime="20220810 01:14:47.656" endtime="20220810 01:14:49.797"/>
</kw>
<status status="PASS" starttime="20220810 01:14:47.655" endtime="20220810 01:14:49.797"/>
</kw>
<doc>This is to test the end to end flow of sending an order to POS</doc>
<status status="PASS" starttime="20220810 01:14:06.586" endtime="20220810 01:14:49.798"/>
</test>
<doc>To validate the login error message</doc>
<status status="PASS" starttime="20220810 01:14:06.461" endtime="20220810 01:14:49.800"/>
</suite>
<statistics>
<total>
<stat pass="1" fail="0" skip="0">All Tests</stat>
</total>
<tag>
</tag>
<suite>
<stat pass="1" fail="0" skip="0" id="s1" name="SendOrderTest">SendOrderTest</stat>
</suite>
</statistics>
<errors>
</errors>
</robot>
