<?xml version="1.0" encoding="UTF-8"?>
<robot generator="Robot 5.0.1 (Python 3.10.6 on win32)" generated="20220809 20:33:53.325" rpa="false" schemaversion="3">
<suite id="s1" name="SendOrderTest" source="C:\Users\WONDERS\Desktop\training\TestSuites\SendOrderTest.robot">
<test id="s1-t1" name="Verify if the user send a delivery order" line="13">
<kw name="open the browser with POS url" library="resource" type="SETUP">
<kw name="Create Webdriver" library="SeleniumLibrary">
<arg>Chrome</arg>
<arg>executable_path=chromedriver</arg>
<doc>Creates an instance of Selenium WebDriver.</doc>
<msg timestamp="20220809 20:33:53.438" level="INFO">Creating an instance of the Chrome WebDriver.</msg>
<status status="PASS" starttime="20220809 20:33:53.438" endtime="20220809 20:33:54.439"/>
</kw>
<kw name="Set Browser Implicit Wait" library="SeleniumLibrary">
<arg>10 s</arg>
<doc>Sets the implicit wait value used by Selenium.</doc>
<status status="PASS" starttime="20220809 20:33:54.439" endtime="20220809 20:33:54.440"/>
</kw>
<kw name="Maximize Browser Window" library="SeleniumLibrary">
<doc>Maximizes current browser window.</doc>
<status status="PASS" starttime="20220809 20:33:54.440" endtime="20220809 20:33:54.555"/>
</kw>
<kw name="Execute Javascript" library="SeleniumLibrary">
<arg>document.body.style.zoom="80%"</arg>
<doc>Executes the given JavaScript code with possible arguments.</doc>
<msg timestamp="20220809 20:33:54.556" level="INFO">Executing JavaScript:
document.body.style.zoom="80%"
Without any arguments.</msg>
<status status="PASS" starttime="20220809 20:33:54.555" endtime="20220809 20:33:54.559"/>
</kw>
<kw name="Go To" library="SeleniumLibrary">
<arg>${url}</arg>
<doc>Navigates the current browser window to the provided ``url``.</doc>
<msg timestamp="20220809 20:33:54.559" level="INFO">Opening url 'https://qa.letsdochinese.com/KJTCore/resources/index.html'</msg>
<status status="PASS" starttime="20220809 20:33:54.559" endtime="20220809 20:33:57.771"/>
</kw>
<status status="PASS" starttime="20220809 20:33:53.438" endtime="20220809 20:33:57.772"/>
</kw>
<kw name="fill out the username and password fields" library="LoginPage">
<arg>${user_name_txt}</arg>
<arg>${valid_password_txt}</arg>
<kw name="Wait Until Element Is Visible" library="SeleniumLibrary">
<arg>${username_locator}</arg>
<doc>Waits until the element ``locator`` is visible.</doc>
<status status="PASS" starttime="20220809 20:33:57.772" endtime="20220809 20:33:57.787"/>
</kw>
<kw name="Input Text" library="SeleniumLibrary">
<arg>${username_locator}</arg>
<arg>${username}</arg>
<doc>Types the given ``text`` into the text field identified by ``locator``.</doc>
<msg timestamp="20220809 20:33:57.787" level="INFO">Typing text 'aora' into text field 'id:username'.</msg>
<status status="PASS" starttime="20220809 20:33:57.787" endtime="20220809 20:33:57.821"/>
</kw>
<kw name="Input Password" library="SeleniumLibrary">
<arg>${password_locator}</arg>
<arg>${password}</arg>
<doc>Types the given password into the text field identified by ``locator``.</doc>
<msg timestamp="20220809 20:33:57.821" level="INFO">Typing password into text field 'id:password'.</msg>
<msg timestamp="20220809 20:33:57.840" level="INFO">Temporally setting log level to: NONE</msg>
<msg timestamp="20220809 20:33:57.859" level="INFO">Log level changed from NONE to INFO.</msg>
<status status="PASS" starttime="20220809 20:33:57.821" endtime="20220809 20:33:57.859"/>
</kw>
<status status="PASS" starttime="20220809 20:33:57.772" endtime="20220809 20:33:57.859"/>
</kw>
<kw name="click the login button" library="LoginPage">
<arg>${login_btn}</arg>
<kw name="Click Button" library="SeleniumLibrary">
<arg>${login}</arg>
<doc>Clicks the button identified by ``locator``.</doc>
<msg timestamp="20220809 20:33:57.859" level="INFO">Clicking button 'id:login'.</msg>
<status status="PASS" starttime="20220809 20:33:57.859" endtime="20220809 20:33:57.892"/>
</kw>
<status status="PASS" starttime="20220809 20:33:57.859" endtime="20220809 20:33:57.892"/>
</kw>
<kw name="check if main page is visible" library="LandingPage">
<kw name="Sleep" library="BuiltIn">
<arg>3</arg>
<doc>Pauses the test executed for the given time.</doc>
<msg timestamp="20220809 20:34:00.903" level="INFO">Slept 3 seconds</msg>
<status status="PASS" starttime="20220809 20:33:57.893" endtime="20220809 20:34:00.903"/>
</kw>
<kw name="Wait Until Element Is Visible" library="SeleniumLibrary">
<arg>${username_lbl}</arg>
<arg>10s</arg>
<doc>Waits until the element ``locator`` is visible.</doc>
<status status="PASS" starttime="20220809 20:34:00.903" endtime="20220809 20:34:00.916"/>
</kw>
<status status="PASS" starttime="20220809 20:33:57.893" endtime="20220809 20:34:00.916"/>
</kw>
<kw name="check if the user_lbl is correct" library="LandingPage">
<kw name="Element Text Should Be" library="SeleniumLibrary">
<arg>${username_lbl}</arg>
<arg>${user_name_login}</arg>
<doc>Verifies that element ``locator`` contains exact the text ``expected``.</doc>
<msg timestamp="20220809 20:34:00.917" level="INFO">Verifying element 'id:username' contains exact text 'AORA - TRAINEE - MNL'.</msg>
<status status="PASS" starttime="20220809 20:34:00.916" endtime="20220809 20:34:00.926"/>
</kw>
<status status="PASS" starttime="20220809 20:34:00.916" endtime="20220809 20:34:00.926"/>
</kw>
<kw name="select restaurant" library="LandingPage">
<kw name="Wait Until Element Is Visible" library="SeleniumLibrary">
<arg>${restaurant_btn}</arg>
<doc>Waits until the element ``locator`` is visible.</doc>
<status status="PASS" starttime="20220809 20:34:00.926" endtime="20220809 20:34:01.998"/>
</kw>
<kw name="Click Element" library="SeleniumLibrary">
<arg>${restaurant_btn}</arg>
<doc>Click the element identified by ``locator``.</doc>
<msg timestamp="20220809 20:34:01.999" level="INFO">Clicking element 'xpath://*[@id="6b1bf2af-be65-11e2-97ab-00ff685223c2"]'.</msg>
<status status="PASS" starttime="20220809 20:34:01.998" endtime="20220809 20:34:08.076"/>
</kw>
<status status="PASS" starttime="20220809 20:34:00.926" endtime="20220809 20:34:08.076"/>
</kw>
<kw name="close browser session" library="resource" type="TEARDOWN">
<kw name="Close Browser" library="SeleniumLibrary">
<doc>Closes the current browser.</doc>
<status status="PASS" starttime="20220809 20:34:08.077" endtime="20220809 20:34:10.184"/>
</kw>
<status status="PASS" starttime="20220809 20:34:08.077" endtime="20220809 20:34:10.184"/>
</kw>
<doc>This is to test the end to end flow of sending an order to POS</doc>
<status status="PASS" starttime="20220809 20:33:53.437" endtime="20220809 20:34:10.185"/>
</test>
<doc>To validate the login error message</doc>
<status status="PASS" starttime="20220809 20:33:53.326" endtime="20220809 20:34:10.189"/>
</suite>
<statistics>
<total>
<stat pass="1" fail="0" skip="0">All Tests</stat>
</total>
<tag>
</tag>
<suite>
<stat pass="1" fail="0" skip="0" id="s1" name="SendOrderTest">SendOrderTest</stat>
</suite>
</statistics>
<errors>
<msg timestamp="20220809 20:33:53.434" level="WARN">Imported library 'C:\Users\WONDERS\Desktop\training\TestSuites\activityKeywords\Activity.py' contains no keywords.</msg>
</errors>
</robot>
