<?xml version="1.0" encoding="UTF-8"?>
<robot generator="Robot 5.0.1 (Python 3.10.6 on win32)" generated="20220811 19:00:10.762" rpa="false" schemaversion="3">
<suite id="s1" name="Training" source="C:\Users\WONDERS\Desktop\training">
<suite id="s1-s1" name="TestSuites" source="C:\Users\WONDERS\Desktop\training\TestSuites">
<suite id="s1-s1-s1" name="Udemy" source="C:\Users\WONDERS\Desktop\training\TestSuites\Udemy">
<suite id="s1-s1-s1-s1" name="TestDemo5" source="C:\Users\WONDERS\Desktop\training\TestSuites\Udemy\TestDemo5.robot">
<test id="s1-s1-s1-s1-t1" name="Login with user ${username} and password ${password}" line="21">
<kw name="Verify Unsuccessful Login">
<arg>abe</arg>
<arg>ora</arg>
<kw name="Open the browser with the Mortgage payment URL">
<kw name="Create Webdriver" library="SeleniumLibrary">
<arg>Chrome</arg>
<arg>executable_path=chromedriver</arg>
<doc>Creates an instance of Selenium WebDriver.</doc>
<msg timestamp="20220811 19:00:11.211" level="INFO">Creating an instance of the Chrome WebDriver.</msg>
<status status="PASS" starttime="20220811 19:00:11.211" endtime="20220811 19:00:14.454"/>
</kw>
<kw name="Maximize Browser Window" library="SeleniumLibrary">
<doc>Maximizes current browser window.</doc>
<status status="PASS" starttime="20220811 19:00:14.454" endtime="20220811 19:00:14.601"/>
</kw>
<kw name="Go To" library="SeleniumLibrary">
<arg>https://www.rahulshettyacademy.com/loginpagePractise/</arg>
<doc>Navigates the current browser window to the provided ``url``.</doc>
<msg timestamp="20220811 19:00:14.601" level="INFO">Opening url 'https://www.rahulshettyacademy.com/loginpagePractise/'</msg>
<status status="PASS" starttime="20220811 19:00:14.601" endtime="20220811 19:00:15.277"/>
</kw>
<status status="PASS" starttime="20220811 19:00:11.211" endtime="20220811 19:00:15.281"/>
</kw>
<kw name="Fill out the login form">
<arg>${username}</arg>
<arg>${password}</arg>
<kw name="Input Text" library="SeleniumLibrary">
<arg>id:username</arg>
<arg>${username}</arg>
<doc>Types the given ``text`` into the text field identified by ``locator``.</doc>
<msg timestamp="20220811 19:00:15.281" level="INFO">Typing text 'abe' into text field 'id:username'.</msg>
<status status="PASS" starttime="20220811 19:00:15.281" endtime="20220811 19:00:15.614"/>
</kw>
<kw name="Input Password" library="SeleniumLibrary">
<arg>id:password</arg>
<arg>${password}</arg>
<doc>Types the given password into the text field identified by ``locator``.</doc>
<msg timestamp="20220811 19:00:15.616" level="INFO">Typing password into text field 'id:password'.</msg>
<msg timestamp="20220811 19:00:15.718" level="INFO">Temporally setting log level to: NONE</msg>
<msg timestamp="20220811 19:00:15.839" level="INFO">Log level changed from NONE to INFO.</msg>
<status status="PASS" starttime="20220811 19:00:15.615" endtime="20220811 19:00:15.839"/>
</kw>
<kw name="Click Element" library="SeleniumLibrary">
<arg>id:signInBtn</arg>
<doc>Click the element identified by ``locator``.</doc>
<msg timestamp="20220811 19:00:15.841" level="INFO">Clicking element 'id:signInBtn'.</msg>
<status status="PASS" starttime="20220811 19:00:15.839" endtime="20220811 19:00:15.947"/>
</kw>
<status status="PASS" starttime="20220811 19:00:15.281" endtime="20220811 19:00:15.949"/>
</kw>
<kw name="wait until it checks and display error message">
<kw name="Wait Until Element Is Visible" library="SeleniumLibrary">
<arg>css:.alert-danger</arg>
<doc>Waits until the element ``locator`` is visible.</doc>
<status status="PASS" starttime="20220811 19:00:15.950" endtime="20220811 19:00:18.088"/>
</kw>
<status status="PASS" starttime="20220811 19:00:15.949" endtime="20220811 19:00:18.088"/>
</kw>
<kw name="verify error message is correct">
<kw name="Element Text Should Be" library="SeleniumLibrary">
<arg>css:.alert-danger</arg>
<arg>Incorrect username/password.</arg>
<doc>Verifies that element ``locator`` contains exact the text ``expected``.</doc>
<msg timestamp="20220811 19:00:18.094" level="INFO">Verifying element 'css:.alert-danger' contains exact text 'Incorrect username/password.'.</msg>
<status status="PASS" starttime="20220811 19:00:18.094" endtime="20220811 19:00:18.171"/>
</kw>
<kw name="Close Browser" library="SeleniumLibrary">
<doc>Closes the current browser.</doc>
<status status="PASS" starttime="20220811 19:00:18.175" endtime="20220811 19:00:20.576"/>
</kw>
<status status="PASS" starttime="20220811 19:00:18.091" endtime="20220811 19:00:20.576"/>
</kw>
<status status="PASS" starttime="20220811 19:00:11.211" endtime="20220811 19:00:20.577"/>
</kw>
<status status="PASS" starttime="20220811 19:00:11.206" endtime="20220811 19:00:20.577"/>
</test>
<doc>To validate the login error message</doc>
<status status="PASS" starttime="20220811 19:00:10.821" endtime="20220811 19:00:20.579"/>
</suite>
<status status="PASS" starttime="20220811 19:00:10.821" endtime="20220811 19:00:20.582"/>
</suite>
<status status="PASS" starttime="20220811 19:00:10.816" endtime="20220811 19:00:20.584"/>
</suite>
<status status="PASS" starttime="20220811 19:00:10.787" endtime="20220811 19:00:20.586"/>
</suite>
<statistics>
<total>
<stat pass="1" fail="0" skip="0">All Tests</stat>
</total>
<tag>
</tag>
<suite>
<stat pass="1" fail="0" skip="0" id="s1" name="Training">Training</stat>
<stat pass="1" fail="0" skip="0" id="s1-s1" name="TestSuites">Training.TestSuites</stat>
<stat pass="1" fail="0" skip="0" id="s1-s1-s1" name="Udemy">Training.TestSuites.Udemy</stat>
<stat pass="1" fail="0" skip="0" id="s1-s1-s1-s1" name="TestDemo5">Training.TestSuites.Udemy.TestDemo5</stat>
</suite>
</statistics>
<errors>
<msg timestamp="20220811 19:00:11.201" level="ERROR">[ DataDriver ] Error in robot file:
  File "C:\Users\WONDERS\Desktop\training\TestSuites\Udemy\TestDemo5.robot", line 0</msg>
<msg timestamp="20220811 19:00:11.201" level="ERROR">In source file:
  File "resources/data.csv", line 0</msg>
<msg timestamp="20220811 19:00:11.202" level="ERROR">Calling method '_start_suite' of listener 'DataDriver' failed: FileNotFoundError: File attribute was not a full path. Tried to find C:\Users\WONDERS\Desktop\training\TestSuites\Udemy\resources/data.csv but file does not exist.</msg>
</errors>
</robot>
