<?xml version="1.0" encoding="UTF-8"?>
<robot generator="Robot 5.0.1 (Python 3.10.6 on win32)" generated="20220811 19:00:10.842" rpa="false" schemaversion="3">
<suite id="s1" name="Training" source="C:\Users\WONDERS\Desktop\training">
<suite id="s1-s1" name="TestSuites" source="C:\Users\WONDERS\Desktop\training\TestSuites">
<suite id="s1-s1-s1" name="Udemy" source="C:\Users\WONDERS\Desktop\training\TestSuites\Udemy">
<suite id="s1-s1-s1-s1" name="TestDemo6" source="C:\Users\WONDERS\Desktop\training\TestSuites\Udemy\TestDemo6.robot">
<test id="s1-s1-s1-s1-t1" name="Verify card display in the shopping page" line="15">
<kw name="open the browser with OrangeDemo url" library="training_resource" type="SETUP">
<kw name="Create Webdriver" library="SeleniumLibrary">
<arg>Chrome</arg>
<arg>executable_path=chromedriver</arg>
<doc>Creates an instance of Selenium WebDriver.</doc>
<msg timestamp="20220811 19:00:11.222" level="INFO">Creating an instance of the Chrome WebDriver.</msg>
<status status="PASS" starttime="20220811 19:00:11.222" endtime="20220811 19:00:14.703"/>
</kw>
<kw name="Maximize Browser Window" library="SeleniumLibrary">
<doc>Maximizes current browser window.</doc>
<status status="PASS" starttime="20220811 19:00:14.703" endtime="20220811 19:00:14.837"/>
</kw>
<kw name="Set Browser Implicit Wait" library="SeleniumLibrary">
<arg>10 s</arg>
<doc>Sets the implicit wait value used by Selenium.</doc>
<status status="PASS" starttime="20220811 19:00:14.837" endtime="20220811 19:00:14.841"/>
</kw>
<if>
<branch type="IF" condition="'${url}' == 'site1'">
<kw name="Set Variable" library="BuiltIn">
<var>${url}</var>
<arg>https://www.rahulshettyacademy.com/loginpagePractise/</arg>
<doc>Returns the given values which can then be assigned to a variables.</doc>
<msg timestamp="20220811 19:00:14.845" level="INFO">${url} = https://www.rahulshettyacademy.com/loginpagePractise/</msg>
<status status="PASS" starttime="20220811 19:00:14.845" endtime="20220811 19:00:14.845"/>
</kw>
<status status="PASS" starttime="20220811 19:00:14.844" endtime="20220811 19:00:14.846"/>
</branch>
<branch type="ELSE IF" condition="'${url}' == 'site2'">
<kw name="Set Variable" library="BuiltIn">
<var>${url}</var>
<arg>https://rahulshettyacademy.com</arg>
<doc>Returns the given values which can then be assigned to a variables.</doc>
<status status="NOT RUN" starttime="20220811 19:00:14.847" endtime="20220811 19:00:14.847"/>
</kw>
<status status="NOT RUN" starttime="20220811 19:00:14.846" endtime="20220811 19:00:14.847"/>
</branch>
<status status="PASS" starttime="20220811 19:00:14.844" endtime="20220811 19:00:14.847"/>
</if>
<kw name="Go To" library="SeleniumLibrary">
<arg>${url}</arg>
<doc>Navigates the current browser window to the provided ``url``.</doc>
<msg timestamp="20220811 19:00:14.849" level="INFO">Opening url 'https://www.rahulshettyacademy.com/loginpagePractise/'</msg>
<status status="PASS" starttime="20220811 19:00:14.848" endtime="20220811 19:00:15.580"/>
</kw>
<status status="PASS" starttime="20220811 19:00:11.222" endtime="20220811 19:00:15.581"/>
</kw>
<kw name="Fill out the login form">
<arg>${user_name}</arg>
<arg>${valid_password}</arg>
<kw name="Input Text" library="SeleniumLibrary">
<arg>id:username</arg>
<arg>${username}</arg>
<doc>Types the given ``text`` into the text field identified by ``locator``.</doc>
<msg timestamp="20220811 19:00:15.582" level="INFO">Typing text 'rahulshettyacademy' into text field 'id:username'.</msg>
<status status="PASS" starttime="20220811 19:00:15.582" endtime="20220811 19:00:15.882"/>
</kw>
<kw name="Input Password" library="SeleniumLibrary">
<arg>id:password</arg>
<arg>${password}</arg>
<doc>Types the given password into the text field identified by ``locator``.</doc>
<msg timestamp="20220811 19:00:15.882" level="INFO">Typing password into text field 'id:password'.</msg>
<msg timestamp="20220811 19:00:15.950" level="INFO">Temporally setting log level to: NONE</msg>
<msg timestamp="20220811 19:00:16.005" level="INFO">Log level changed from NONE to INFO.</msg>
<status status="PASS" starttime="20220811 19:00:15.882" endtime="20220811 19:00:16.005"/>
</kw>
<status status="PASS" starttime="20220811 19:00:15.581" endtime="20220811 19:00:16.005"/>
</kw>
<kw name="click the login button">
<kw name="Click Button" library="SeleniumLibrary">
<arg>id:signInBtn</arg>
<doc>Clicks the button identified by ``locator``.</doc>
<msg timestamp="20220811 19:00:16.005" level="INFO">Clicking button 'id:signInBtn'.</msg>
<status status="PASS" starttime="20220811 19:00:16.005" endtime="20220811 19:00:16.062"/>
</kw>
<status status="PASS" starttime="20220811 19:00:16.005" endtime="20220811 19:00:16.062"/>
</kw>
<kw name="wait until element is located in the page">
<arg>${shop_page_load}</arg>
<kw name="Wait Until Element Is Visible" library="SeleniumLibrary">
<arg>${shop_page}</arg>
<doc>Waits until the element ``locator`` is visible.</doc>
<status status="PASS" starttime="20220811 19:00:16.062" endtime="20220811 19:00:20.409"/>
</kw>
<status status="PASS" starttime="20220811 19:00:16.062" endtime="20220811 19:00:20.411"/>
</kw>
<kw name="verify card titles in the shop page">
<kw name="Create List" library="BuiltIn">
<var>@{expectedList}</var>
<arg>iphone X</arg>
<arg>Samsung Note 8</arg>
<arg>Nokia Edge</arg>
<arg>Blackberry</arg>
<doc>Returns a list containing given items.</doc>
<msg timestamp="20220811 19:00:20.411" level="INFO">@{expectedList} = [ iphone X | Samsung Note 8 | Nokia Edge | Blackberry ]</msg>
<status status="PASS" starttime="20220811 19:00:20.411" endtime="20220811 19:00:20.411"/>
</kw>
<kw name="Get WebElements" library="SeleniumLibrary">
<var>${elements}</var>
<arg>css:.card-title</arg>
<doc>Returns a list of WebElement objects matching the ``locator``.</doc>
<msg timestamp="20220811 19:00:20.425" level="INFO">${elements} = [&lt;selenium.webdriver.remote.webelement.WebElement (session="85ca0701e307ef08a6ea06b546aa0271", element="86e726fd-9999-4ae8-b1c5-a6cc20ce0b48")&gt;, &lt;selenium.webdriver.remote.webelement.WebElement (sessi...</msg>
<status status="PASS" starttime="20220811 19:00:20.411" endtime="20220811 19:00:20.425"/>
</kw>
<kw name="Create List" library="BuiltIn">
<var>@{actualList}</var>
<doc>Returns a list containing given items.</doc>
<msg timestamp="20220811 19:00:20.425" level="INFO">@{actualList} = [ ]</msg>
<status status="PASS" starttime="20220811 19:00:20.425" endtime="20220811 19:00:20.425"/>
</kw>
<for flavor="IN">
<var>${element}</var>
<value>@{elements}</value>
<iter>
<var name="${element}">&lt;selenium.webdriver.remote.webelement.WebElement (session="85ca0701e307ef08a6ea06b546aa0271", element="86e726fd-9999-4ae8-b1c5-a6cc20ce0b48")&gt;</var>
<kw name="Log" library="BuiltIn">
<arg>${element.text}</arg>
<doc>Logs the given message with the given level.</doc>
<msg timestamp="20220811 19:00:20.446" level="INFO">iphone X</msg>
<status status="PASS" starttime="20220811 19:00:20.425" endtime="20220811 19:00:20.446"/>
</kw>
<kw name="Append To List" library="Collections">
<arg>${actual_list}</arg>
<arg>${element.text}</arg>
<doc>Adds ``values`` to the end of ``list``.</doc>
<status status="PASS" starttime="20220811 19:00:20.446" endtime="20220811 19:00:20.451"/>
</kw>
<status status="PASS" starttime="20220811 19:00:20.425" endtime="20220811 19:00:20.451"/>
</iter>
<iter>
<var name="${element}">&lt;selenium.webdriver.remote.webelement.WebElement (session="85ca0701e307ef08a6ea06b546aa0271", element="5b05c8ed-2933-40ba-8afa-6781114dae20")&gt;</var>
<kw name="Log" library="BuiltIn">
<arg>${element.text}</arg>
<doc>Logs the given message with the given level.</doc>
<msg timestamp="20220811 19:00:20.471" level="INFO">Samsung Note 8</msg>
<status status="PASS" starttime="20220811 19:00:20.451" endtime="20220811 19:00:20.471"/>
</kw>
<kw name="Append To List" library="Collections">
<arg>${actual_list}</arg>
<arg>${element.text}</arg>
<doc>Adds ``values`` to the end of ``list``.</doc>
<status status="PASS" starttime="20220811 19:00:20.471" endtime="20220811 19:00:20.483"/>
</kw>
<status status="PASS" starttime="20220811 19:00:20.451" endtime="20220811 19:00:20.483"/>
</iter>
<iter>
<var name="${element}">&lt;selenium.webdriver.remote.webelement.WebElement (session="85ca0701e307ef08a6ea06b546aa0271", element="86db8700-12f5-48e4-845d-96654b313071")&gt;</var>
<kw name="Log" library="BuiltIn">
<arg>${element.text}</arg>
<doc>Logs the given message with the given level.</doc>
<msg timestamp="20220811 19:00:20.500" level="INFO">Nokia Edge</msg>
<status status="PASS" starttime="20220811 19:00:20.483" endtime="20220811 19:00:20.500"/>
</kw>
<kw name="Append To List" library="Collections">
<arg>${actual_list}</arg>
<arg>${element.text}</arg>
<doc>Adds ``values`` to the end of ``list``.</doc>
<status status="PASS" starttime="20220811 19:00:20.501" endtime="20220811 19:00:20.511"/>
</kw>
<status status="PASS" starttime="20220811 19:00:20.483" endtime="20220811 19:00:20.511"/>
</iter>
<iter>
<var name="${element}">&lt;selenium.webdriver.remote.webelement.WebElement (session="85ca0701e307ef08a6ea06b546aa0271", element="91f1fa6e-1a30-4e68-8c80-67fda08c5e14")&gt;</var>
<kw name="Log" library="BuiltIn">
<arg>${element.text}</arg>
<doc>Logs the given message with the given level.</doc>
<msg timestamp="20220811 19:00:20.530" level="INFO">Blackberry</msg>
<status status="PASS" starttime="20220811 19:00:20.511" endtime="20220811 19:00:20.530"/>
</kw>
<kw name="Append To List" library="Collections">
<arg>${actual_list}</arg>
<arg>${element.text}</arg>
<doc>Adds ``values`` to the end of ``list``.</doc>
<status status="PASS" starttime="20220811 19:00:20.531" endtime="20220811 19:00:20.542"/>
</kw>
<status status="PASS" starttime="20220811 19:00:20.511" endtime="20220811 19:00:20.542"/>
</iter>
<status status="PASS" starttime="20220811 19:00:20.425" endtime="20220811 19:00:20.542"/>
</for>
<kw name="Lists Should Be Equal" library="Collections">
<arg>${expectedList}</arg>
<arg>${actualList}</arg>
<doc>Fails if given lists are unequal.</doc>
<status status="PASS" starttime="20220811 19:00:20.542" endtime="20220811 19:00:20.542"/>
</kw>
<status status="PASS" starttime="20220811 19:00:20.411" endtime="20220811 19:00:20.542"/>
</kw>
<kw name="Add Items To Cart And Checkout" library="Shop">
<arg>${listOfProducts}</arg>
<msg timestamp="20220811 19:00:20.561" level="INFO">Clicking button 'xpath:(//*[@class='card-footer'])[1]/button'.</msg>
<msg timestamp="20220811 19:00:20.679" level="INFO">Clicking button 'xpath:(//*[@class='card-footer'])[3]/button'.</msg>
<msg timestamp="20220811 19:00:20.754" level="INFO">Clicking button 'xpath:(//*[@class='card-footer'])[4]/button'.</msg>
<msg timestamp="20220811 19:00:21.138" level="INFO">Clicking element 'xpath://a[contains(text(),'Checkout')]'.</msg>
<status status="PASS" starttime="20220811 19:00:20.542" endtime="20220811 19:00:21.193"/>
</kw>
<kw name="close browser session" library="training_resource" type="TEARDOWN">
<kw name="Close Browser" library="SeleniumLibrary">
<doc>Closes the current browser.</doc>
<status status="PASS" starttime="20220811 19:00:21.197" endtime="20220811 19:00:23.393"/>
</kw>
<status status="PASS" starttime="20220811 19:00:21.197" endtime="20220811 19:00:23.393"/>
</kw>
<status status="PASS" starttime="20220811 19:00:11.222" endtime="20220811 19:00:23.393"/>
</test>
<doc>To validate the login error message</doc>
<status status="PASS" starttime="20220811 19:00:10.906" endtime="20220811 19:00:23.393"/>
</suite>
<status status="PASS" starttime="20220811 19:00:10.902" endtime="20220811 19:00:23.393"/>
</suite>
<status status="PASS" starttime="20220811 19:00:10.894" endtime="20220811 19:00:23.393"/>
</suite>
<status status="PASS" starttime="20220811 19:00:10.861" endtime="20220811 19:00:23.393"/>
</suite>
<statistics>
<total>
<stat pass="1" fail="0" skip="0">All Tests</stat>
</total>
<tag>
</tag>
<suite>
<stat pass="1" fail="0" skip="0" id="s1" name="Training">Training</stat>
<stat pass="1" fail="0" skip="0" id="s1-s1" name="TestSuites">Training.TestSuites</stat>
<stat pass="1" fail="0" skip="0" id="s1-s1-s1" name="Udemy">Training.TestSuites.Udemy</stat>
<stat pass="1" fail="0" skip="0" id="s1-s1-s1-s1" name="TestDemo6">Training.TestSuites.Udemy.TestDemo6</stat>
</suite>
</statistics>
<errors>
</errors>
</robot>
