<?xml version="1.0" encoding="UTF-8"?>
<robot generator="Robot 5.0.1 (Python 3.10.6 on win32)" generated="20220805 02:51:17.819" rpa="false" schemaversion="3">
<suite id="s1" name="TestDemo3" source="C:\Users\WONDERS\Desktop\training\TestSuites\TestDemo3.robot">
<test id="s1-t1" name="Validate Child window functionality" line="10">
<kw name="open the browser with OrangeDemo url" library="training_resource" type="SETUP">
<kw name="Create Webdriver" library="SeleniumLibrary">
<arg>Chrome</arg>
<arg>executable_path=chromedriver</arg>
<doc>Creates an instance of Selenium WebDriver.</doc>
<msg timestamp="20220805 02:51:17.943" level="INFO">Creating an instance of the Chrome WebDriver.</msg>
<status status="PASS" starttime="20220805 02:51:17.943" endtime="20220805 02:51:19.055"/>
</kw>
<kw name="Maximize Browser Window" library="SeleniumLibrary">
<doc>Maximizes current browser window.</doc>
<status status="PASS" starttime="20220805 02:51:19.055" endtime="20220805 02:51:19.181"/>
</kw>
<kw name="Set Browser Implicit Wait" library="SeleniumLibrary">
<arg>10 s</arg>
<doc>Sets the implicit wait value used by Selenium.</doc>
<status status="PASS" starttime="20220805 02:51:19.181" endtime="20220805 02:51:19.182"/>
</kw>
<if>
<branch type="IF" condition="'${url}' == 'site1'">
<kw name="Set Variable" library="BuiltIn">
<var>${url}</var>
<arg>https://www.rahulshettyacademy.com/loginpagePractise/</arg>
<doc>Returns the given values which can then be assigned to a variables.</doc>
<msg timestamp="20220805 02:51:19.182" level="INFO">${url} = https://www.rahulshettyacademy.com/loginpagePractise/</msg>
<status status="PASS" starttime="20220805 02:51:19.182" endtime="20220805 02:51:19.182"/>
</kw>
<status status="PASS" starttime="20220805 02:51:19.182" endtime="20220805 02:51:19.182"/>
</branch>
<branch type="ELSE IF" condition="'${url}' == 'site2'">
<kw name="Set Variable" library="BuiltIn">
<var>${url}</var>
<arg>https://rahulshettyacademy.com</arg>
<doc>Returns the given values which can then be assigned to a variables.</doc>
<status status="NOT RUN" starttime="20220805 02:51:19.182" endtime="20220805 02:51:19.182"/>
</kw>
<status status="NOT RUN" starttime="20220805 02:51:19.182" endtime="20220805 02:51:19.182"/>
</branch>
<status status="PASS" starttime="20220805 02:51:19.182" endtime="20220805 02:51:19.182"/>
</if>
<kw name="Go To" library="SeleniumLibrary">
<arg>${url}</arg>
<doc>Navigates the current browser window to the provided ``url``.</doc>
<msg timestamp="20220805 02:51:19.182" level="INFO">Opening url 'https://www.rahulshettyacademy.com/loginpagePractise/'</msg>
<status status="PASS" starttime="20220805 02:51:19.182" endtime="20220805 02:51:19.818"/>
</kw>
<status status="PASS" starttime="20220805 02:51:17.943" endtime="20220805 02:51:19.818"/>
</kw>
<kw name="Select the link of the child window">
<kw name="Click Element" library="SeleniumLibrary">
<arg>css:.blinkingText</arg>
<doc>Click the element identified by ``locator``.</doc>
<msg timestamp="20220805 02:51:19.819" level="INFO">Clicking element 'css:.blinkingText'.</msg>
<status status="PASS" starttime="20220805 02:51:19.819" endtime="20220805 02:51:19.874"/>
</kw>
<kw name="Sleep" library="BuiltIn">
<arg>5</arg>
<doc>Pauses the test executed for the given time.</doc>
<msg timestamp="20220805 02:51:24.878" level="INFO">Slept 5 seconds</msg>
<status status="PASS" starttime="20220805 02:51:19.874" endtime="20220805 02:51:24.878"/>
</kw>
<status status="PASS" starttime="20220805 02:51:19.819" endtime="20220805 02:51:24.878"/>
</kw>
<kw name="Verify the user is switched to child window">
<kw name="Switch Window" library="SeleniumLibrary">
<arg>NEW</arg>
<doc>Switches to browser window matching ``locator``.</doc>
<status status="PASS" starttime="20220805 02:51:24.879" endtime="20220805 02:51:24.888"/>
</kw>
<kw name="Element Text Should Be" library="SeleniumLibrary">
<arg>css:h1</arg>
<arg>DOCUMENTS REQUEST</arg>
<doc>Verifies that element ``locator`` contains exact the text ``expected``.</doc>
<msg timestamp="20220805 02:51:24.888" level="INFO">Verifying element 'css:h1' contains exact text 'DOCUMENTS REQUEST'.</msg>
<status status="PASS" starttime="20220805 02:51:24.888" endtime="20220805 02:51:24.917"/>
</kw>
<status status="PASS" starttime="20220805 02:51:24.879" endtime="20220805 02:51:24.917"/>
</kw>
<kw name="Grab the email id in the child window">
<kw name="Get Text" library="SeleniumLibrary">
<var>${text}</var>
<arg>css:.red</arg>
<doc>Returns the text value of the element identified by ``locator``.</doc>
<msg timestamp="20220805 02:51:24.935" level="INFO">${text} = Please email us at mentor@rahulshettyacademy.com with below template to receive response</msg>
<status status="PASS" starttime="20220805 02:51:24.917" endtime="20220805 02:51:24.935"/>
</kw>
<kw name="Split String" library="String">
<var>@{words}</var>
<arg>${text}</arg>
<arg>at</arg>
<doc>Splits the ``string`` using ``separator`` as a delimiter string.</doc>
<msg timestamp="20220805 02:51:24.935" level="INFO">@{words} = [ Please email us  |  mentor@rahulshettyacademy.com with below templ | e to receive response ]</msg>
<status status="PASS" starttime="20220805 02:51:24.935" endtime="20220805 02:51:24.935"/>
</kw>
<kw name="Get From List" library="Collections">
<var>${textSplit}</var>
<arg>${words}</arg>
<arg>1</arg>
<doc>Returns the value specified with an ``index`` from ``list``.</doc>
<msg timestamp="20220805 02:51:24.936" level="INFO">${textSplit} =  mentor@rahulshettyacademy.com with below templ</msg>
<status status="PASS" starttime="20220805 02:51:24.935" endtime="20220805 02:51:24.936"/>
</kw>
<kw name="Log" library="BuiltIn">
<arg>${textSplit}</arg>
<doc>Logs the given message with the given level.</doc>
<msg timestamp="20220805 02:51:24.936" level="INFO"> mentor@rahulshettyacademy.com with below templ</msg>
<status status="PASS" starttime="20220805 02:51:24.936" endtime="20220805 02:51:24.936"/>
</kw>
<kw name="Split String" library="String">
<var>@{word_2}</var>
<arg>${textSplit}</arg>
<arg>with</arg>
<doc>Splits the ``string`` using ``separator`` as a delimiter string.</doc>
<msg timestamp="20220805 02:51:24.936" level="INFO">@{word_2} = [  mentor@rahulshettyacademy.com  |  below templ ]</msg>
<status status="PASS" starttime="20220805 02:51:24.936" endtime="20220805 02:51:24.936"/>
</kw>
<kw name="Get From List" library="Collections">
<var>${email}</var>
<arg>${word_2}</arg>
<arg>0</arg>
<doc>Returns the value specified with an ``index`` from ``list``.</doc>
<msg timestamp="20220805 02:51:24.936" level="INFO">${email} =  mentor@rahulshettyacademy.com </msg>
<status status="PASS" starttime="20220805 02:51:24.936" endtime="20220805 02:51:24.936"/>
</kw>
<kw name="Set Global Variable" library="BuiltIn">
<arg>${email}</arg>
<doc>Makes a variable available globally in all tests and suites.</doc>
<msg timestamp="20220805 02:51:24.936" level="INFO">${email} =  mentor@rahulshettyacademy.com </msg>
<status status="PASS" starttime="20220805 02:51:24.936" endtime="20220805 02:51:24.936"/>
</kw>
<status status="PASS" starttime="20220805 02:51:24.917" endtime="20220805 02:51:24.936"/>
</kw>
<kw name="Switch to Parent window to enter the email">
<kw name="Switch Window" library="SeleniumLibrary">
<arg>MAIN</arg>
<doc>Switches to browser window matching ``locator``.</doc>
<status status="PASS" starttime="20220805 02:51:24.937" endtime="20220805 02:51:24.951"/>
</kw>
<kw name="Title Should Be" library="SeleniumLibrary">
<arg>LoginPage Practise | Rahul Shetty Academy</arg>
<doc>Verifies that the current page title equals ``title``.</doc>
<msg timestamp="20220805 02:51:24.957" level="INFO">Page title is 'LoginPage Practise | Rahul Shetty Academy'.</msg>
<status status="PASS" starttime="20220805 02:51:24.951" endtime="20220805 02:51:24.957"/>
</kw>
<kw name="Input Text" library="SeleniumLibrary">
<arg>id:username</arg>
<arg>${email}</arg>
<doc>Types the given ``text`` into the text field identified by ``locator``.</doc>
<msg timestamp="20220805 02:51:24.958" level="INFO">Typing text ' mentor@rahulshettyacademy.com ' into text field 'id:username'.</msg>
<status status="PASS" starttime="20220805 02:51:24.957" endtime="20220805 02:51:25.045"/>
</kw>
<kw name="Sleep" library="BuiltIn">
<arg>5</arg>
<doc>Pauses the test executed for the given time.</doc>
<msg timestamp="20220805 02:51:30.046" level="INFO">Slept 5 seconds</msg>
<status status="PASS" starttime="20220805 02:51:25.045" endtime="20220805 02:51:30.046"/>
</kw>
<status status="PASS" starttime="20220805 02:51:24.937" endtime="20220805 02:51:30.046"/>
</kw>
<kw name="close browser session" library="training_resource" type="TEARDOWN">
<kw name="Close Browser" library="SeleniumLibrary">
<doc>Closes the current browser.</doc>
<status status="PASS" starttime="20220805 02:51:30.048" endtime="20220805 02:51:32.166"/>
</kw>
<status status="PASS" starttime="20220805 02:51:30.047" endtime="20220805 02:51:32.167"/>
</kw>
<status status="PASS" starttime="20220805 02:51:17.942" endtime="20220805 02:51:32.167"/>
</test>
<doc>To validate the child window</doc>
<status status="PASS" starttime="20220805 02:51:17.820" endtime="20220805 02:51:32.168"/>
</suite>
<statistics>
<total>
<stat pass="1" fail="0" skip="0">All Tests</stat>
</total>
<tag>
</tag>
<suite>
<stat pass="1" fail="0" skip="0" id="s1" name="TestDemo3">TestDemo3</stat>
</suite>
</statistics>
<errors>
</errors>
</robot>
