<?xml version="1.0" encoding="UTF-8"?>
<robot generator="Robot 5.0.1 (Python 3.10.6 on win32)" generated="20220810 18:43:54.811" rpa="false" schemaversion="3">
<suite id="s1" name="TestDemo6" source="C:\Users\WONDERS\Desktop\training\TestSuites\Udemy\TestDemo6.robot">
<test id="s1-t1" name="Verify card display in the shopping page" line="15">
<kw name="open the browser with OrangeDemo url" library="training_resource" type="SETUP">
<kw name="Create Webdriver" library="SeleniumLibrary">
<arg>Chrome</arg>
<arg>executable_path=chromedriver</arg>
<doc>Creates an instance of Selenium WebDriver.</doc>
<msg timestamp="20220810 18:43:55.130" level="INFO">Creating an instance of the Chrome WebDriver.</msg>
<status status="PASS" starttime="20220810 18:43:55.130" endtime="20220810 18:43:56.291"/>
</kw>
<kw name="Maximize Browser Window" library="SeleniumLibrary">
<doc>Maximizes current browser window.</doc>
<status status="PASS" starttime="20220810 18:43:56.291" endtime="20220810 18:43:56.412"/>
</kw>
<kw name="Set Browser Implicit Wait" library="SeleniumLibrary">
<arg>10 s</arg>
<doc>Sets the implicit wait value used by Selenium.</doc>
<status status="PASS" starttime="20220810 18:43:56.412" endtime="20220810 18:43:56.412"/>
</kw>
<if>
<branch type="IF" condition="'${url}' == 'site1'">
<kw name="Set Variable" library="BuiltIn">
<var>${url}</var>
<arg>https://www.rahulshettyacademy.com/loginpagePractise/</arg>
<doc>Returns the given values which can then be assigned to a variables.</doc>
<msg timestamp="20220810 18:43:56.412" level="INFO">${url} = https://www.rahulshettyacademy.com/loginpagePractise/</msg>
<status status="PASS" starttime="20220810 18:43:56.412" endtime="20220810 18:43:56.412"/>
</kw>
<status status="PASS" starttime="20220810 18:43:56.412" endtime="20220810 18:43:56.412"/>
</branch>
<branch type="ELSE IF" condition="'${url}' == 'site2'">
<kw name="Set Variable" library="BuiltIn">
<var>${url}</var>
<arg>https://rahulshettyacademy.com</arg>
<doc>Returns the given values which can then be assigned to a variables.</doc>
<status status="NOT RUN" starttime="20220810 18:43:56.412" endtime="20220810 18:43:56.412"/>
</kw>
<status status="NOT RUN" starttime="20220810 18:43:56.412" endtime="20220810 18:43:56.412"/>
</branch>
<status status="PASS" starttime="20220810 18:43:56.412" endtime="20220810 18:43:56.412"/>
</if>
<kw name="Go To" library="SeleniumLibrary">
<arg>${url}</arg>
<doc>Navigates the current browser window to the provided ``url``.</doc>
<msg timestamp="20220810 18:43:56.412" level="INFO">Opening url 'https://www.rahulshettyacademy.com/loginpagePractise/'</msg>
<status status="PASS" starttime="20220810 18:43:56.412" endtime="20220810 18:43:57.260"/>
</kw>
<status status="PASS" starttime="20220810 18:43:55.130" endtime="20220810 18:43:57.260"/>
</kw>
<kw name="Fill out the login form">
<arg>${user_name}</arg>
<arg>${valid_password}</arg>
<kw name="Input Text" library="SeleniumLibrary">
<arg>id:username</arg>
<arg>${username}</arg>
<doc>Types the given ``text`` into the text field identified by ``locator``.</doc>
<msg timestamp="20220810 18:43:57.268" level="INFO">Typing text 'rahulshettyacademy' into text field 'id:username'.</msg>
<status status="PASS" starttime="20220810 18:43:57.268" endtime="20220810 18:43:57.393"/>
</kw>
<kw name="Input Password" library="SeleniumLibrary">
<arg>id:password</arg>
<arg>${password}</arg>
<doc>Types the given password into the text field identified by ``locator``.</doc>
<msg timestamp="20220810 18:43:57.393" level="INFO">Typing password into text field 'id:password'.</msg>
<msg timestamp="20220810 18:43:57.431" level="INFO">Temporally setting log level to: NONE</msg>
<msg timestamp="20220810 18:43:57.468" level="INFO">Log level changed from NONE to INFO.</msg>
<status status="PASS" starttime="20220810 18:43:57.393" endtime="20220810 18:43:57.468"/>
</kw>
<status status="PASS" starttime="20220810 18:43:57.260" endtime="20220810 18:43:57.468"/>
</kw>
<kw name="click the login button">
<kw name="Click Button" library="SeleniumLibrary">
<arg>id:signInBtn</arg>
<doc>Clicks the button identified by ``locator``.</doc>
<msg timestamp="20220810 18:43:57.470" level="INFO">Clicking button 'id:signInBtn'.</msg>
<status status="PASS" starttime="20220810 18:43:57.470" endtime="20220810 18:43:57.526"/>
</kw>
<status status="PASS" starttime="20220810 18:43:57.468" endtime="20220810 18:43:57.526"/>
</kw>
<kw name="wait until element is located in the page">
<arg>${shop_page_load}</arg>
<kw name="Wait Until Element Is Visible" library="SeleniumLibrary">
<arg>${shop_page}</arg>
<doc>Waits until the element ``locator`` is visible.</doc>
<status status="PASS" starttime="20220810 18:43:57.526" endtime="20220810 18:44:01.784"/>
</kw>
<status status="PASS" starttime="20220810 18:43:57.526" endtime="20220810 18:44:01.784"/>
</kw>
<kw name="verify card titles in the shop page">
<kw name="Create List" library="BuiltIn">
<var>@{expectedList}</var>
<arg>iphone X</arg>
<arg>Samsung Note 8</arg>
<arg>Nokia Edge</arg>
<arg>Blackberry</arg>
<doc>Returns a list containing given items.</doc>
<msg timestamp="20220810 18:44:01.784" level="INFO">@{expectedList} = [ iphone X | Samsung Note 8 | Nokia Edge | Blackberry ]</msg>
<status status="PASS" starttime="20220810 18:44:01.784" endtime="20220810 18:44:01.784"/>
</kw>
<kw name="Get WebElements" library="SeleniumLibrary">
<var>${elements}</var>
<arg>css:.card-title</arg>
<doc>Returns a list of WebElement objects matching the ``locator``.</doc>
<msg timestamp="20220810 18:44:01.792" level="INFO">${elements} = [&lt;selenium.webdriver.remote.webelement.WebElement (session="2e5fdd7762e089c5a58759dd85e19261", element="95930b4a-a942-40e9-aa9b-e6a7faac14e6")&gt;, &lt;selenium.webdriver.remote.webelement.WebElement (sessi...</msg>
<status status="PASS" starttime="20220810 18:44:01.784" endtime="20220810 18:44:01.792"/>
</kw>
<kw name="Create List" library="BuiltIn">
<var>@{actualList}</var>
<doc>Returns a list containing given items.</doc>
<msg timestamp="20220810 18:44:01.792" level="INFO">@{actualList} = [ ]</msg>
<status status="PASS" starttime="20220810 18:44:01.792" endtime="20220810 18:44:01.792"/>
</kw>
<for flavor="IN">
<var>${element}</var>
<value>@{elements}</value>
<iter>
<var name="${element}">&lt;selenium.webdriver.remote.webelement.WebElement (session="2e5fdd7762e089c5a58759dd85e19261", element="95930b4a-a942-40e9-aa9b-e6a7faac14e6")&gt;</var>
<kw name="Log" library="BuiltIn">
<arg>${element.text}</arg>
<doc>Logs the given message with the given level.</doc>
<msg timestamp="20220810 18:44:01.810" level="INFO">iphone X</msg>
<status status="PASS" starttime="20220810 18:44:01.801" endtime="20220810 18:44:01.810"/>
</kw>
<kw name="Append To List" library="Collections">
<arg>${actual_list}</arg>
<arg>${element.text}</arg>
<doc>Adds ``values`` to the end of ``list``.</doc>
<status status="PASS" starttime="20220810 18:44:01.810" endtime="20220810 18:44:01.820"/>
</kw>
<status status="PASS" starttime="20220810 18:44:01.792" endtime="20220810 18:44:01.820"/>
</iter>
<iter>
<var name="${element}">&lt;selenium.webdriver.remote.webelement.WebElement (session="2e5fdd7762e089c5a58759dd85e19261", element="4110531b-9a98-4bcf-bcc9-2a706e9ebab5")&gt;</var>
<kw name="Log" library="BuiltIn">
<arg>${element.text}</arg>
<doc>Logs the given message with the given level.</doc>
<msg timestamp="20220810 18:44:01.831" level="INFO">Samsung Note 8</msg>
<status status="PASS" starttime="20220810 18:44:01.820" endtime="20220810 18:44:01.831"/>
</kw>
<kw name="Append To List" library="Collections">
<arg>${actual_list}</arg>
<arg>${element.text}</arg>
<doc>Adds ``values`` to the end of ``list``.</doc>
<status status="PASS" starttime="20220810 18:44:01.831" endtime="20220810 18:44:01.846"/>
</kw>
<status status="PASS" starttime="20220810 18:44:01.820" endtime="20220810 18:44:01.846"/>
</iter>
<iter>
<var name="${element}">&lt;selenium.webdriver.remote.webelement.WebElement (session="2e5fdd7762e089c5a58759dd85e19261", element="5170290d-3a3c-4319-9180-eddd533431d4")&gt;</var>
<kw name="Log" library="BuiltIn">
<arg>${element.text}</arg>
<doc>Logs the given message with the given level.</doc>
<msg timestamp="20220810 18:44:01.859" level="INFO">Nokia Edge</msg>
<status status="PASS" starttime="20220810 18:44:01.846" endtime="20220810 18:44:01.859"/>
</kw>
<kw name="Append To List" library="Collections">
<arg>${actual_list}</arg>
<arg>${element.text}</arg>
<doc>Adds ``values`` to the end of ``list``.</doc>
<status status="PASS" starttime="20220810 18:44:01.859" endtime="20220810 18:44:01.871"/>
</kw>
<status status="PASS" starttime="20220810 18:44:01.846" endtime="20220810 18:44:01.871"/>
</iter>
<iter>
<var name="${element}">&lt;selenium.webdriver.remote.webelement.WebElement (session="2e5fdd7762e089c5a58759dd85e19261", element="f59e67a4-151b-498b-a73d-bda5eccce787")&gt;</var>
<kw name="Log" library="BuiltIn">
<arg>${element.text}</arg>
<doc>Logs the given message with the given level.</doc>
<msg timestamp="20220810 18:44:01.880" level="INFO">Blackberry</msg>
<status status="PASS" starttime="20220810 18:44:01.871" endtime="20220810 18:44:01.880"/>
</kw>
<kw name="Append To List" library="Collections">
<arg>${actual_list}</arg>
<arg>${element.text}</arg>
<doc>Adds ``values`` to the end of ``list``.</doc>
<status status="PASS" starttime="20220810 18:44:01.880" endtime="20220810 18:44:01.891"/>
</kw>
<status status="PASS" starttime="20220810 18:44:01.871" endtime="20220810 18:44:01.891"/>
</iter>
<status status="PASS" starttime="20220810 18:44:01.792" endtime="20220810 18:44:01.891"/>
</for>
<kw name="Lists Should Be Equal" library="Collections">
<arg>${expectedList}</arg>
<arg>${actualList}</arg>
<doc>Fails if given lists are unequal.</doc>
<status status="PASS" starttime="20220810 18:44:01.891" endtime="20220810 18:44:01.891"/>
</kw>
<status status="PASS" starttime="20220810 18:44:01.784" endtime="20220810 18:44:01.891"/>
</kw>
<kw name="Add Items To Cart And Checkout" library="Shop">
<arg>${listOfProducts}</arg>
<msg timestamp="20220810 18:44:01.903" level="INFO">Clicking button 'xpath:(//*[@class='card-footer'])[1]/button'.</msg>
<msg timestamp="20220810 18:44:01.979" level="INFO">Clicking button 'xpath:(//*[@class='card-footer'])[3]/button'.</msg>
<msg timestamp="20220810 18:44:02.070" level="INFO">Clicking button 'xpath:(//*[@class='card-footer'])[4]/button'.</msg>
<msg timestamp="20220810 18:44:02.423" level="INFO">Clicking element 'xpath://a[contains(text(),'Checkout')]'.</msg>
<status status="PASS" starttime="20220810 18:44:01.891" endtime="20220810 18:44:02.459"/>
</kw>
<kw name="close browser session" library="training_resource" type="TEARDOWN">
<kw name="Close Browser" library="SeleniumLibrary">
<doc>Closes the current browser.</doc>
<status status="PASS" starttime="20220810 18:44:02.466" endtime="20220810 18:44:04.602"/>
</kw>
<status status="PASS" starttime="20220810 18:44:02.466" endtime="20220810 18:44:04.603"/>
</kw>
<status status="PASS" starttime="20220810 18:43:55.126" endtime="20220810 18:44:04.603"/>
</test>
<doc>To validate the login error message</doc>
<status status="PASS" starttime="20220810 18:43:54.811" endtime="20220810 18:44:04.603"/>
</suite>
<statistics>
<total>
<stat pass="1" fail="0" skip="0">All Tests</stat>
</total>
<tag>
</tag>
<suite>
<stat pass="1" fail="0" skip="0" id="s1" name="TestDemo6">TestDemo6</stat>
</suite>
</statistics>
<errors>
</errors>
</robot>
