<?xml version="1.0" encoding="UTF-8"?>
<robot generator="Robot 5.0.1 (Python 3.10.6 on win32)" generated="20220804 01:13:08.592" rpa="false" schemaversion="3">
<suite id="s1" name="LoginTest2" source="C:\Users\WONDERS\Desktop\training\TestSuites\LoginTest2.robot">
<test id="s1-t1" name="Verify card display in the shopping page" line="20">
<kw name="open the browser with OrangeDemo url" library="training_resource" type="SETUP">
<kw name="Create Webdriver" library="SeleniumLibrary">
<arg>Chrome</arg>
<arg>executable_path=chromedriver</arg>
<doc>Creates an instance of Selenium WebDriver.</doc>
<msg timestamp="20220804 01:13:08.709" level="INFO">Creating an instance of the Chrome WebDriver.</msg>
<status status="PASS" starttime="20220804 01:13:08.709" endtime="20220804 01:13:09.792"/>
</kw>
<kw name="Maximize Browser Window" library="SeleniumLibrary">
<doc>Maximizes current browser window.</doc>
<status status="PASS" starttime="20220804 01:13:09.792" endtime="20220804 01:13:09.916"/>
</kw>
<kw name="Go To" library="SeleniumLibrary">
<arg>${url}</arg>
<doc>Navigates the current browser window to the provided ``url``.</doc>
<msg timestamp="20220804 01:13:09.916" level="INFO">Opening url 'https://www.rahulshettyacademy.com/loginpagePractise/'</msg>
<status status="PASS" starttime="20220804 01:13:09.916" endtime="20220804 01:13:10.765"/>
</kw>
<status status="PASS" starttime="20220804 01:13:08.708" endtime="20220804 01:13:10.765"/>
</kw>
<kw name="Fill out the login form">
<arg>${user_name}</arg>
<arg>${valid_password}</arg>
<kw name="Input Text" library="SeleniumLibrary">
<arg>id:username</arg>
<arg>${username}</arg>
<doc>Types the given ``text`` into the text field identified by ``locator``.</doc>
<msg timestamp="20220804 01:13:10.766" level="INFO">Typing text 'rahulshettyacademy' into text field 'id:username'.</msg>
<status status="PASS" starttime="20220804 01:13:10.766" endtime="20220804 01:13:10.855"/>
</kw>
<kw name="Input Password" library="SeleniumLibrary">
<arg>id:password</arg>
<arg>${password}</arg>
<doc>Types the given password into the text field identified by ``locator``.</doc>
<msg timestamp="20220804 01:13:10.855" level="INFO">Typing password into text field 'id:password'.</msg>
<msg timestamp="20220804 01:13:10.882" level="INFO">Temporally setting log level to: NONE</msg>
<msg timestamp="20220804 01:13:10.918" level="INFO">Log level changed from NONE to INFO.</msg>
<status status="PASS" starttime="20220804 01:13:10.855" endtime="20220804 01:13:10.918"/>
</kw>
<status status="PASS" starttime="20220804 01:13:10.766" endtime="20220804 01:13:10.918"/>
</kw>
<kw name="click the login button">
<kw name="Click Button" library="SeleniumLibrary">
<arg>id:signInBtn</arg>
<doc>Clicks the button identified by ``locator``.</doc>
<msg timestamp="20220804 01:13:10.919" level="INFO">Clicking button 'id:signInBtn'.</msg>
<status status="PASS" starttime="20220804 01:13:10.919" endtime="20220804 01:13:10.957"/>
</kw>
<status status="PASS" starttime="20220804 01:13:10.919" endtime="20220804 01:13:10.957"/>
</kw>
<kw name="wait until element is located in the page">
<arg>${shop_page_load}</arg>
<kw name="Wait Until Element Is Visible" library="SeleniumLibrary">
<arg>${shop_page}</arg>
<doc>Waits until the element ``locator`` is visible.</doc>
<status status="PASS" starttime="20220804 01:13:10.959" endtime="20220804 01:13:14.962"/>
</kw>
<status status="PASS" starttime="20220804 01:13:10.958" endtime="20220804 01:13:14.962"/>
</kw>
<kw name="verify card titles in the shop page">
<kw name="Create List" library="BuiltIn">
<var>@{expected_list}</var>
<arg>iphone X</arg>
<arg>Samsung Note 8</arg>
<arg>Nokia Edge</arg>
<arg>Blackberry</arg>
<doc>Returns a list containing given items.</doc>
<msg timestamp="20220804 01:13:14.962" level="INFO">@{expected_list} = [ iphone X | Samsung Note 8 | Nokia Edge | Blackberry ]</msg>
<status status="PASS" starttime="20220804 01:13:14.962" endtime="20220804 01:13:14.962"/>
</kw>
<kw name="Get WebElements" library="SeleniumLibrary">
<var>${item_list}</var>
<arg>css:.card-title</arg>
<doc>Returns a list of WebElement objects matching the ``locator``.</doc>
<msg timestamp="20220804 01:13:14.972" level="INFO">${item_list} = [&lt;selenium.webdriver.remote.webelement.WebElement (session="f05b6210d4de86eb430cbfc36b384b51", element="cfca8efa-b69b-47be-895b-01341b4272b8")&gt;, &lt;selenium.webdriver.remote.webelement.WebElement (sessi...</msg>
<status status="PASS" starttime="20220804 01:13:14.962" endtime="20220804 01:13:14.972"/>
</kw>
<for flavor="IN">
<var>${item}</var>
<value>@{item_list}</value>
<iter>
<var name="${item}">&lt;selenium.webdriver.remote.webelement.WebElement (session="f05b6210d4de86eb430cbfc36b384b51", element="cfca8efa-b69b-47be-895b-01341b4272b8")&gt;</var>
<kw name="Log" library="BuiltIn">
<arg>${item.text}</arg>
<doc>Logs the given message with the given level.</doc>
<msg timestamp="20220804 01:13:14.982" level="INFO">iphone X</msg>
<status status="PASS" starttime="20220804 01:13:14.972" endtime="20220804 01:13:14.982"/>
</kw>
<status status="PASS" starttime="20220804 01:13:14.972" endtime="20220804 01:13:14.982"/>
</iter>
<iter>
<var name="${item}">&lt;selenium.webdriver.remote.webelement.WebElement (session="f05b6210d4de86eb430cbfc36b384b51", element="9bc06181-6e38-4b40-bebb-e4b397014854")&gt;</var>
<kw name="Log" library="BuiltIn">
<arg>${item.text}</arg>
<doc>Logs the given message with the given level.</doc>
<msg timestamp="20220804 01:13:14.993" level="INFO">Samsung Note 8</msg>
<status status="PASS" starttime="20220804 01:13:14.982" endtime="20220804 01:13:14.993"/>
</kw>
<status status="PASS" starttime="20220804 01:13:14.982" endtime="20220804 01:13:14.993"/>
</iter>
<iter>
<var name="${item}">&lt;selenium.webdriver.remote.webelement.WebElement (session="f05b6210d4de86eb430cbfc36b384b51", element="81353dae-c4d1-47b0-922e-8efc17da062e")&gt;</var>
<kw name="Log" library="BuiltIn">
<arg>${item.text}</arg>
<doc>Logs the given message with the given level.</doc>
<msg timestamp="20220804 01:13:15.002" level="INFO">Nokia Edge</msg>
<status status="PASS" starttime="20220804 01:13:14.993" endtime="20220804 01:13:15.002"/>
</kw>
<status status="PASS" starttime="20220804 01:13:14.993" endtime="20220804 01:13:15.002"/>
</iter>
<iter>
<var name="${item}">&lt;selenium.webdriver.remote.webelement.WebElement (session="f05b6210d4de86eb430cbfc36b384b51", element="41d0e790-b7e3-4163-a99e-18d0143babc1")&gt;</var>
<kw name="Log" library="BuiltIn">
<arg>${item.text}</arg>
<doc>Logs the given message with the given level.</doc>
<msg timestamp="20220804 01:13:15.013" level="INFO">Blackberry</msg>
<status status="PASS" starttime="20220804 01:13:15.002" endtime="20220804 01:13:15.013"/>
</kw>
<status status="PASS" starttime="20220804 01:13:15.002" endtime="20220804 01:13:15.013"/>
</iter>
<status status="PASS" starttime="20220804 01:13:14.972" endtime="20220804 01:13:15.013"/>
</for>
<status status="PASS" starttime="20220804 01:13:14.962" endtime="20220804 01:13:15.013"/>
</kw>
<kw name="close browser session" library="training_resource" type="TEARDOWN">
<kw name="Close Browser" library="SeleniumLibrary">
<doc>Closes the current browser.</doc>
<status status="PASS" starttime="20220804 01:13:15.015" endtime="20220804 01:13:17.107"/>
</kw>
<status status="PASS" starttime="20220804 01:13:15.014" endtime="20220804 01:13:17.107"/>
</kw>
<status status="PASS" starttime="20220804 01:13:08.708" endtime="20220804 01:13:17.108"/>
</test>
<doc>To validate the login error message</doc>
<status status="PASS" starttime="20220804 01:13:08.593" endtime="20220804 01:13:17.109"/>
</suite>
<statistics>
<total>
<stat pass="1" fail="0" skip="0">All Tests</stat>
</total>
<tag>
</tag>
<suite>
<stat pass="1" fail="0" skip="0" id="s1" name="LoginTest2">LoginTest2</stat>
</suite>
</statistics>
<errors>
</errors>
</robot>
