<?xml version="1.0" encoding="UTF-8"?>
<robot generator="Robot 5.0.1 (Python 3.10.6 on win32)" generated="20220805 22:00:24.226" rpa="false" schemaversion="3">
<suite id="s1" name="TestDemo5" source="C:\Users\WONDERS\Desktop\training\TestSuites\TestDemo5.robot">
<test id="s1-t1" name="Invalid username" line="22">
<kw name="Verify Unsuccessful Login">
<arg>dashed</arg>
<arg>learning</arg>
<kw name="Open the browser with the Mortgage payment URL">
<kw name="Create Webdriver" library="SeleniumLibrary">
<arg>Chrome</arg>
<arg>executable_path=chromedriver</arg>
<doc>Creates an instance of Selenium WebDriver.</doc>
<msg timestamp="20220805 22:00:24.527" level="INFO">Creating an instance of the Chrome WebDriver.</msg>
<status status="PASS" starttime="20220805 22:00:24.527" endtime="20220805 22:00:25.706"/>
</kw>
<kw name="Maximize Browser Window" library="SeleniumLibrary">
<doc>Maximizes current browser window.</doc>
<status status="PASS" starttime="20220805 22:00:25.706" endtime="20220805 22:00:25.841"/>
</kw>
<kw name="Go To" library="SeleniumLibrary">
<arg>https://www.rahulshettyacademy.com/loginpagePractise/</arg>
<doc>Navigates the current browser window to the provided ``url``.</doc>
<msg timestamp="20220805 22:00:25.841" level="INFO">Opening url 'https://www.rahulshettyacademy.com/loginpagePractise/'</msg>
<status status="PASS" starttime="20220805 22:00:25.841" endtime="20220805 22:00:26.565"/>
</kw>
<status status="PASS" starttime="20220805 22:00:24.527" endtime="20220805 22:00:26.565"/>
</kw>
<kw name="Fill out the login form">
<arg>${username}</arg>
<arg>${password}</arg>
<kw name="Input Text" library="SeleniumLibrary">
<arg>id:username</arg>
<arg>${username}</arg>
<doc>Types the given ``text`` into the text field identified by ``locator``.</doc>
<msg timestamp="20220805 22:00:26.565" level="INFO">Typing text 'dashed' into text field 'id:username'.</msg>
<status status="PASS" starttime="20220805 22:00:26.565" endtime="20220805 22:00:26.683"/>
</kw>
<kw name="Input Password" library="SeleniumLibrary">
<arg>id:password</arg>
<arg>${password}</arg>
<doc>Types the given password into the text field identified by ``locator``.</doc>
<msg timestamp="20220805 22:00:26.683" level="INFO">Typing password into text field 'id:password'.</msg>
<msg timestamp="20220805 22:00:26.730" level="INFO">Temporally setting log level to: NONE</msg>
<msg timestamp="20220805 22:00:26.787" level="INFO">Log level changed from NONE to INFO.</msg>
<status status="PASS" starttime="20220805 22:00:26.683" endtime="20220805 22:00:26.787"/>
</kw>
<kw name="Click Element" library="SeleniumLibrary">
<arg>id:signInBtn</arg>
<doc>Click the element identified by ``locator``.</doc>
<msg timestamp="20220805 22:00:26.787" level="INFO">Clicking element 'id:signInBtn'.</msg>
<status status="PASS" starttime="20220805 22:00:26.787" endtime="20220805 22:00:26.847"/>
</kw>
<kw name="Hello World" library="Shop">
<msg timestamp="20220805 22:00:26.847" level="INFO">Hello World!</msg>
<status status="PASS" starttime="20220805 22:00:26.847" endtime="20220805 22:00:26.847"/>
</kw>
<status status="PASS" starttime="20220805 22:00:26.565" endtime="20220805 22:00:26.847"/>
</kw>
<kw name="wait until it checks and display error message">
<kw name="Wait Until Element Is Visible" library="SeleniumLibrary">
<arg>css:.alert-danger</arg>
<doc>Waits until the element ``locator`` is visible.</doc>
<status status="PASS" starttime="20220805 22:00:26.847" endtime="20220805 22:00:28.910"/>
</kw>
<status status="PASS" starttime="20220805 22:00:26.847" endtime="20220805 22:00:28.910"/>
</kw>
<kw name="verify error message is correct">
<kw name="Element Text Should Be" library="SeleniumLibrary">
<arg>css:.alert-danger</arg>
<arg>Incorrect username/password.</arg>
<doc>Verifies that element ``locator`` contains exact the text ``expected``.</doc>
<msg timestamp="20220805 22:00:28.910" level="INFO">Verifying element 'css:.alert-danger' contains exact text 'Incorrect username/password.'.</msg>
<status status="PASS" starttime="20220805 22:00:28.910" endtime="20220805 22:00:28.938"/>
</kw>
<kw name="Close Browser" library="SeleniumLibrary">
<doc>Closes the current browser.</doc>
<status status="PASS" starttime="20220805 22:00:28.938" endtime="20220805 22:00:31.083"/>
</kw>
<status status="PASS" starttime="20220805 22:00:28.910" endtime="20220805 22:00:31.083"/>
</kw>
<status status="PASS" starttime="20220805 22:00:24.527" endtime="20220805 22:00:31.083"/>
</kw>
<status status="PASS" starttime="20220805 22:00:24.527" endtime="20220805 22:00:31.083"/>
</test>
<test id="s1-t2" name="Invalid password" line="22">
<kw name="Verify Unsuccessful Login">
<arg>rahulshetty</arg>
<arg>plugdhs</arg>
<kw name="Open the browser with the Mortgage payment URL">
<kw name="Create Webdriver" library="SeleniumLibrary">
<arg>Chrome</arg>
<arg>executable_path=chromedriver</arg>
<doc>Creates an instance of Selenium WebDriver.</doc>
<msg timestamp="20220805 22:00:31.090" level="INFO">Creating an instance of the Chrome WebDriver.</msg>
<status status="PASS" starttime="20220805 22:00:31.085" endtime="20220805 22:00:32.140"/>
</kw>
<kw name="Maximize Browser Window" library="SeleniumLibrary">
<doc>Maximizes current browser window.</doc>
<status status="PASS" starttime="20220805 22:00:32.140" endtime="20220805 22:00:32.261"/>
</kw>
<kw name="Go To" library="SeleniumLibrary">
<arg>https://www.rahulshettyacademy.com/loginpagePractise/</arg>
<doc>Navigates the current browser window to the provided ``url``.</doc>
<msg timestamp="20220805 22:00:32.261" level="INFO">Opening url 'https://www.rahulshettyacademy.com/loginpagePractise/'</msg>
<status status="PASS" starttime="20220805 22:00:32.261" endtime="20220805 22:00:32.845"/>
</kw>
<status status="PASS" starttime="20220805 22:00:31.085" endtime="20220805 22:00:32.845"/>
</kw>
<kw name="Fill out the login form">
<arg>${username}</arg>
<arg>${password}</arg>
<kw name="Input Text" library="SeleniumLibrary">
<arg>id:username</arg>
<arg>${username}</arg>
<doc>Types the given ``text`` into the text field identified by ``locator``.</doc>
<msg timestamp="20220805 22:00:32.845" level="INFO">Typing text 'rahulshetty' into text field 'id:username'.</msg>
<status status="PASS" starttime="20220805 22:00:32.845" endtime="20220805 22:00:32.950"/>
</kw>
<kw name="Input Password" library="SeleniumLibrary">
<arg>id:password</arg>
<arg>${password}</arg>
<doc>Types the given password into the text field identified by ``locator``.</doc>
<msg timestamp="20220805 22:00:32.950" level="INFO">Typing password into text field 'id:password'.</msg>
<msg timestamp="20220805 22:00:32.989" level="INFO">Temporally setting log level to: NONE</msg>
<msg timestamp="20220805 22:00:33.040" level="INFO">Log level changed from NONE to INFO.</msg>
<status status="PASS" starttime="20220805 22:00:32.950" endtime="20220805 22:00:33.040"/>
</kw>
<kw name="Click Element" library="SeleniumLibrary">
<arg>id:signInBtn</arg>
<doc>Click the element identified by ``locator``.</doc>
<msg timestamp="20220805 22:00:33.040" level="INFO">Clicking element 'id:signInBtn'.</msg>
<status status="PASS" starttime="20220805 22:00:33.040" endtime="20220805 22:00:33.097"/>
</kw>
<kw name="Hello World" library="Shop">
<msg timestamp="20220805 22:00:33.097" level="INFO">Hello World!</msg>
<status status="PASS" starttime="20220805 22:00:33.097" endtime="20220805 22:00:33.097"/>
</kw>
<status status="PASS" starttime="20220805 22:00:32.845" endtime="20220805 22:00:33.097"/>
</kw>
<kw name="wait until it checks and display error message">
<kw name="Wait Until Element Is Visible" library="SeleniumLibrary">
<arg>css:.alert-danger</arg>
<doc>Waits until the element ``locator`` is visible.</doc>
<status status="PASS" starttime="20220805 22:00:33.100" endtime="20220805 22:00:35.150"/>
</kw>
<status status="PASS" starttime="20220805 22:00:33.097" endtime="20220805 22:00:35.150"/>
</kw>
<kw name="verify error message is correct">
<kw name="Element Text Should Be" library="SeleniumLibrary">
<arg>css:.alert-danger</arg>
<arg>Incorrect username/password.</arg>
<doc>Verifies that element ``locator`` contains exact the text ``expected``.</doc>
<msg timestamp="20220805 22:00:35.150" level="INFO">Verifying element 'css:.alert-danger' contains exact text 'Incorrect username/password.'.</msg>
<status status="PASS" starttime="20220805 22:00:35.150" endtime="20220805 22:00:35.167"/>
</kw>
<kw name="Close Browser" library="SeleniumLibrary">
<doc>Closes the current browser.</doc>
<status status="PASS" starttime="20220805 22:00:35.167" endtime="20220805 22:00:37.312"/>
</kw>
<status status="PASS" starttime="20220805 22:00:35.150" endtime="20220805 22:00:37.312"/>
</kw>
<status status="PASS" starttime="20220805 22:00:31.085" endtime="20220805 22:00:37.312"/>
</kw>
<status status="PASS" starttime="20220805 22:00:31.085" endtime="20220805 22:00:37.312"/>
</test>
<test id="s1-t3" name="special character" line="22">
<kw name="Verify Unsuccessful Login">
<arg>$#@</arg>
<arg>learning</arg>
<kw name="Open the browser with the Mortgage payment URL">
<kw name="Create Webdriver" library="SeleniumLibrary">
<arg>Chrome</arg>
<arg>executable_path=chromedriver</arg>
<doc>Creates an instance of Selenium WebDriver.</doc>
<msg timestamp="20220805 22:00:37.320" level="INFO">Creating an instance of the Chrome WebDriver.</msg>
<status status="PASS" starttime="20220805 22:00:37.320" endtime="20220805 22:00:38.411"/>
</kw>
<kw name="Maximize Browser Window" library="SeleniumLibrary">
<doc>Maximizes current browser window.</doc>
<status status="PASS" starttime="20220805 22:00:38.411" endtime="20220805 22:00:38.540"/>
</kw>
<kw name="Go To" library="SeleniumLibrary">
<arg>https://www.rahulshettyacademy.com/loginpagePractise/</arg>
<doc>Navigates the current browser window to the provided ``url``.</doc>
<msg timestamp="20220805 22:00:38.540" level="INFO">Opening url 'https://www.rahulshettyacademy.com/loginpagePractise/'</msg>
<status status="PASS" starttime="20220805 22:00:38.540" endtime="20220805 22:00:39.120"/>
</kw>
<status status="PASS" starttime="20220805 22:00:37.320" endtime="20220805 22:00:39.120"/>
</kw>
<kw name="Fill out the login form">
<arg>${username}</arg>
<arg>${password}</arg>
<kw name="Input Text" library="SeleniumLibrary">
<arg>id:username</arg>
<arg>${username}</arg>
<doc>Types the given ``text`` into the text field identified by ``locator``.</doc>
<msg timestamp="20220805 22:00:39.120" level="INFO">Typing text '$#@' into text field 'id:username'.</msg>
<status status="PASS" starttime="20220805 22:00:39.120" endtime="20220805 22:00:39.212"/>
</kw>
<kw name="Input Password" library="SeleniumLibrary">
<arg>id:password</arg>
<arg>${password}</arg>
<doc>Types the given password into the text field identified by ``locator``.</doc>
<msg timestamp="20220805 22:00:39.212" level="INFO">Typing password into text field 'id:password'.</msg>
<msg timestamp="20220805 22:00:39.250" level="INFO">Temporally setting log level to: NONE</msg>
<msg timestamp="20220805 22:00:39.296" level="INFO">Log level changed from NONE to INFO.</msg>
<status status="PASS" starttime="20220805 22:00:39.212" endtime="20220805 22:00:39.296"/>
</kw>
<kw name="Click Element" library="SeleniumLibrary">
<arg>id:signInBtn</arg>
<doc>Click the element identified by ``locator``.</doc>
<msg timestamp="20220805 22:00:39.296" level="INFO">Clicking element 'id:signInBtn'.</msg>
<status status="PASS" starttime="20220805 22:00:39.296" endtime="20220805 22:00:39.337"/>
</kw>
<kw name="Hello World" library="Shop">
<msg timestamp="20220805 22:00:39.337" level="INFO">Hello World!</msg>
<status status="PASS" starttime="20220805 22:00:39.337" endtime="20220805 22:00:39.337"/>
</kw>
<status status="PASS" starttime="20220805 22:00:39.120" endtime="20220805 22:00:39.337"/>
</kw>
<kw name="wait until it checks and display error message">
<kw name="Wait Until Element Is Visible" library="SeleniumLibrary">
<arg>css:.alert-danger</arg>
<doc>Waits until the element ``locator`` is visible.</doc>
<status status="PASS" starttime="20220805 22:00:39.337" endtime="20220805 22:00:41.400"/>
</kw>
<status status="PASS" starttime="20220805 22:00:39.337" endtime="20220805 22:00:41.400"/>
</kw>
<kw name="verify error message is correct">
<kw name="Element Text Should Be" library="SeleniumLibrary">
<arg>css:.alert-danger</arg>
<arg>Incorrect username/password.</arg>
<doc>Verifies that element ``locator`` contains exact the text ``expected``.</doc>
<msg timestamp="20220805 22:00:41.401" level="INFO">Verifying element 'css:.alert-danger' contains exact text 'Incorrect username/password.'.</msg>
<status status="PASS" starttime="20220805 22:00:41.400" endtime="20220805 22:00:41.419"/>
</kw>
<kw name="Close Browser" library="SeleniumLibrary">
<doc>Closes the current browser.</doc>
<status status="PASS" starttime="20220805 22:00:41.419" endtime="20220805 22:00:43.555"/>
</kw>
<status status="PASS" starttime="20220805 22:00:41.400" endtime="20220805 22:00:43.555"/>
</kw>
<status status="PASS" starttime="20220805 22:00:37.320" endtime="20220805 22:00:43.555"/>
</kw>
<status status="PASS" starttime="20220805 22:00:37.312" endtime="20220805 22:00:43.555"/>
</test>
<test id="s1-t4" name="Login with user 123 and password 5436" line="22">
<kw name="Verify Unsuccessful Login">
<arg>123</arg>
<arg>5436</arg>
<kw name="Open the browser with the Mortgage payment URL">
<kw name="Create Webdriver" library="SeleniumLibrary">
<arg>Chrome</arg>
<arg>executable_path=chromedriver</arg>
<doc>Creates an instance of Selenium WebDriver.</doc>
<msg timestamp="20220805 22:00:43.564" level="INFO">Creating an instance of the Chrome WebDriver.</msg>
<status status="PASS" starttime="20220805 22:00:43.564" endtime="20220805 22:00:44.632"/>
</kw>
<kw name="Maximize Browser Window" library="SeleniumLibrary">
<doc>Maximizes current browser window.</doc>
<status status="PASS" starttime="20220805 22:00:44.632" endtime="20220805 22:00:44.752"/>
</kw>
<kw name="Go To" library="SeleniumLibrary">
<arg>https://www.rahulshettyacademy.com/loginpagePractise/</arg>
<doc>Navigates the current browser window to the provided ``url``.</doc>
<msg timestamp="20220805 22:00:44.752" level="INFO">Opening url 'https://www.rahulshettyacademy.com/loginpagePractise/'</msg>
<status status="PASS" starttime="20220805 22:00:44.752" endtime="20220805 22:00:45.320"/>
</kw>
<status status="PASS" starttime="20220805 22:00:43.564" endtime="20220805 22:00:45.320"/>
</kw>
<kw name="Fill out the login form">
<arg>${username}</arg>
<arg>${password}</arg>
<kw name="Input Text" library="SeleniumLibrary">
<arg>id:username</arg>
<arg>${username}</arg>
<doc>Types the given ``text`` into the text field identified by ``locator``.</doc>
<msg timestamp="20220805 22:00:45.320" level="INFO">Typing text '123' into text field 'id:username'.</msg>
<status status="PASS" starttime="20220805 22:00:45.320" endtime="20220805 22:00:45.410"/>
</kw>
<kw name="Input Password" library="SeleniumLibrary">
<arg>id:password</arg>
<arg>${password}</arg>
<doc>Types the given password into the text field identified by ``locator``.</doc>
<msg timestamp="20220805 22:00:45.410" level="INFO">Typing password into text field 'id:password'.</msg>
<msg timestamp="20220805 22:00:45.460" level="INFO">Temporally setting log level to: NONE</msg>
<msg timestamp="20220805 22:00:45.520" level="INFO">Log level changed from NONE to INFO.</msg>
<status status="PASS" starttime="20220805 22:00:45.410" endtime="20220805 22:00:45.520"/>
</kw>
<kw name="Click Element" library="SeleniumLibrary">
<arg>id:signInBtn</arg>
<doc>Click the element identified by ``locator``.</doc>
<msg timestamp="20220805 22:00:45.520" level="INFO">Clicking element 'id:signInBtn'.</msg>
<status status="PASS" starttime="20220805 22:00:45.520" endtime="20220805 22:00:45.609"/>
</kw>
<kw name="Hello World" library="Shop">
<msg timestamp="20220805 22:00:45.609" level="INFO">Hello World!</msg>
<status status="PASS" starttime="20220805 22:00:45.609" endtime="20220805 22:00:45.609"/>
</kw>
<status status="PASS" starttime="20220805 22:00:45.320" endtime="20220805 22:00:45.609"/>
</kw>
<kw name="wait until it checks and display error message">
<kw name="Wait Until Element Is Visible" library="SeleniumLibrary">
<arg>css:.alert-danger</arg>
<doc>Waits until the element ``locator`` is visible.</doc>
<status status="PASS" starttime="20220805 22:00:45.609" endtime="20220805 22:00:47.670"/>
</kw>
<status status="PASS" starttime="20220805 22:00:45.609" endtime="20220805 22:00:47.670"/>
</kw>
<kw name="verify error message is correct">
<kw name="Element Text Should Be" library="SeleniumLibrary">
<arg>css:.alert-danger</arg>
<arg>Incorrect username/password.</arg>
<doc>Verifies that element ``locator`` contains exact the text ``expected``.</doc>
<msg timestamp="20220805 22:00:47.670" level="INFO">Verifying element 'css:.alert-danger' contains exact text 'Incorrect username/password.'.</msg>
<status status="PASS" starttime="20220805 22:00:47.670" endtime="20220805 22:00:47.691"/>
</kw>
<kw name="Close Browser" library="SeleniumLibrary">
<doc>Closes the current browser.</doc>
<status status="PASS" starttime="20220805 22:00:47.697" endtime="20220805 22:00:49.849"/>
</kw>
<status status="PASS" starttime="20220805 22:00:47.670" endtime="20220805 22:00:49.849"/>
</kw>
<status status="PASS" starttime="20220805 22:00:43.564" endtime="20220805 22:00:49.849"/>
</kw>
<status status="PASS" starttime="20220805 22:00:43.555" endtime="20220805 22:00:49.849"/>
</test>
<doc>To validate the login error message</doc>
<status status="PASS" starttime="20220805 22:00:24.230" endtime="20220805 22:00:49.849"/>
</suite>
<statistics>
<total>
<stat pass="4" fail="0" skip="0">All Tests</stat>
</total>
<tag>
</tag>
<suite>
<stat pass="4" fail="0" skip="0" id="s1" name="TestDemo5">TestDemo5</stat>
</suite>
</statistics>
<errors>
</errors>
</robot>
