<?xml version="1.0" encoding="UTF-8"?>
<robot generator="Robot 5.0.1 (Python 3.10.6 on win32)" generated="20220805 20:19:24.097" rpa="false" schemaversion="3">
<suite id="s1" name="TestDemo5" source="C:\Users\WONDERS\Desktop\training\TestSuites\TestDemo5.robot">
<test id="s1-t1" name="Login with user ${username} and password ${password}" line="20">
<kw name="Verify Unsuccessful Login">
<arg>abe</arg>
<arg>ora</arg>
<kw name="Open the browser with the Mortgage payment URL">
<kw name="Create Webdriver" library="SeleniumLibrary">
<arg>Chrome</arg>
<arg>executable_path=chromedriver</arg>
<doc>Creates an instance of Selenium WebDriver.</doc>
<msg timestamp="20220805 20:19:24.210" level="INFO">Creating an instance of the Chrome WebDriver.</msg>
<status status="PASS" starttime="20220805 20:19:24.209" endtime="20220805 20:19:25.220"/>
</kw>
<kw name="Maximize Browser Window" library="SeleniumLibrary">
<doc>Maximizes current browser window.</doc>
<status status="PASS" starttime="20220805 20:19:25.220" endtime="20220805 20:19:25.339"/>
</kw>
<kw name="Go To" library="SeleniumLibrary">
<arg>https://www.rahulshettyacademy.com/loginpagePractise/</arg>
<doc>Navigates the current browser window to the provided ``url``.</doc>
<msg timestamp="20220805 20:19:25.340" level="INFO">Opening url 'https://www.rahulshettyacademy.com/loginpagePractise/'</msg>
<status status="PASS" starttime="20220805 20:19:25.340" endtime="20220805 20:19:25.785"/>
</kw>
<status status="PASS" starttime="20220805 20:19:24.209" endtime="20220805 20:19:25.785"/>
</kw>
<kw name="Fill out the login form">
<arg>${username}</arg>
<arg>${password}</arg>
<kw name="Input Text" library="SeleniumLibrary">
<arg>id:username</arg>
<arg>${username}</arg>
<doc>Types the given ``text`` into the text field identified by ``locator``.</doc>
<msg timestamp="20220805 20:19:25.786" level="INFO">Typing text 'abe' into text field 'id:username'.</msg>
<status status="PASS" starttime="20220805 20:19:25.785" endtime="20220805 20:19:25.842"/>
</kw>
<kw name="Input Password" library="SeleniumLibrary">
<arg>id:password</arg>
<arg>${password}</arg>
<doc>Types the given password into the text field identified by ``locator``.</doc>
<msg timestamp="20220805 20:19:25.843" level="INFO">Typing password into text field 'id:password'.</msg>
<msg timestamp="20220805 20:19:25.870" level="INFO">Temporally setting log level to: NONE</msg>
<msg timestamp="20220805 20:19:25.903" level="INFO">Log level changed from NONE to INFO.</msg>
<status status="PASS" starttime="20220805 20:19:25.842" endtime="20220805 20:19:25.903"/>
</kw>
<kw name="Click Element" library="SeleniumLibrary">
<arg>id:signInBtn</arg>
<doc>Click the element identified by ``locator``.</doc>
<msg timestamp="20220805 20:19:25.903" level="INFO">Clicking element 'id:signInBtn'.</msg>
<status status="PASS" starttime="20220805 20:19:25.903" endtime="20220805 20:19:25.936"/>
</kw>
<status status="PASS" starttime="20220805 20:19:25.785" endtime="20220805 20:19:25.936"/>
</kw>
<kw name="wait until it checks and display error message">
<kw name="Wait Until Element Is Visible" library="SeleniumLibrary">
<arg>css:.alert-danger</arg>
<doc>Waits until the element ``locator`` is visible.</doc>
<status status="PASS" starttime="20220805 20:19:25.936" endtime="20220805 20:19:28.132"/>
</kw>
<status status="PASS" starttime="20220805 20:19:25.936" endtime="20220805 20:19:28.132"/>
</kw>
<kw name="verify error message is correct">
<kw name="Element Text Should Be" library="SeleniumLibrary">
<arg>css:.alert-danger</arg>
<arg>Incorrect username/password.</arg>
<doc>Verifies that element ``locator`` contains exact the text ``expected``.</doc>
<msg timestamp="20220805 20:19:28.133" level="INFO">Verifying element 'css:.alert-danger' contains exact text 'Incorrect username/password.'.</msg>
<status status="PASS" starttime="20220805 20:19:28.132" endtime="20220805 20:19:28.143"/>
</kw>
<kw name="Close Browser" library="SeleniumLibrary">
<doc>Closes the current browser.</doc>
<status status="PASS" starttime="20220805 20:19:28.143" endtime="20220805 20:19:30.231"/>
</kw>
<status status="PASS" starttime="20220805 20:19:28.132" endtime="20220805 20:19:30.231"/>
</kw>
<status status="PASS" starttime="20220805 20:19:24.209" endtime="20220805 20:19:30.231"/>
</kw>
<status status="PASS" starttime="20220805 20:19:24.208" endtime="20220805 20:19:30.232"/>
</test>
<doc>To validate the login error message</doc>
<status status="PASS" starttime="20220805 20:19:24.098" endtime="20220805 20:19:30.232"/>
</suite>
<statistics>
<total>
<stat pass="1" fail="0" skip="0">All Tests</stat>
</total>
<tag>
</tag>
<suite>
<stat pass="1" fail="0" skip="0" id="s1" name="TestDemo5">TestDemo5</stat>
</suite>
</statistics>
<errors>
</errors>
</robot>
