<?xml version="1.0" encoding="UTF-8"?>
<robot generator="Robot 5.0.1 (Python 3.10.6 on win32)" generated="20220812 21:29:09.464" rpa="false" schemaversion="3">
<suite id="s1" name="TestDemoAPI" source="C:\Users\WONDERS\Desktop\training\API\TestDemoAPI.robot">
<test id="s1-t1" name="Play around with dictionary" line="10">
<kw name="Create Dictionary" library="BuiltIn">
<var>&amp;{data}</var>
<arg>name=rahulshetty</arg>
<arg>course=${book_name}</arg>
<arg>website=rahulshettyacademy.com</arg>
<doc>Creates and returns a dictionary based on the given ``items``.</doc>
<msg timestamp="20220812 21:29:09.529" level="INFO">&amp;{data} = { name=rahulshetty | course=RobotFramework | website=rahulshettyacademy.com }</msg>
<status status="PASS" starttime="20220812 21:29:09.529" endtime="20220812 21:29:09.529"/>
</kw>
<kw name="Log" library="BuiltIn">
<arg>${data}</arg>
<doc>Logs the given message with the given level.</doc>
<msg timestamp="20220812 21:29:09.530" level="INFO">{'name': 'rahulshetty', 'course': 'RobotFramework', 'website': 'rahulshettyacademy.com'}</msg>
<status status="PASS" starttime="20220812 21:29:09.530" endtime="20220812 21:29:09.530"/>
</kw>
<kw name="Dictionary Should Contain Key" library="Collections">
<arg>${data}</arg>
<arg>name</arg>
<doc>Fails if ``key`` is not found from ``dictionary``.</doc>
<status status="PASS" starttime="20220812 21:29:09.531" endtime="20220812 21:29:09.531"/>
</kw>
<kw name="Log" library="BuiltIn">
<arg>${data}[name]</arg>
<doc>Logs the given message with the given level.</doc>
<msg timestamp="20220812 21:29:09.531" level="INFO">rahulshetty</msg>
<status status="PASS" starttime="20220812 21:29:09.531" endtime="20220812 21:29:09.531"/>
</kw>
<kw name="Get From Dictionary" library="Collections">
<var>${url}</var>
<arg>${data}</arg>
<arg>website</arg>
<doc>Returns a value from the given ``dictionary`` based on the given ``key``.</doc>
<msg timestamp="20220812 21:29:09.532" level="INFO">${url} = rahulshettyacademy.com</msg>
<status status="PASS" starttime="20220812 21:29:09.532" endtime="20220812 21:29:09.532"/>
</kw>
<kw name="Log" library="BuiltIn">
<arg>${url}</arg>
<doc>Logs the given message with the given level.</doc>
<msg timestamp="20220812 21:29:09.533" level="INFO">rahulshettyacademy.com</msg>
<status status="PASS" starttime="20220812 21:29:09.533" endtime="20220812 21:29:09.533"/>
</kw>
<status status="PASS" starttime="20220812 21:29:09.528" endtime="20220812 21:29:09.533"/>
</test>
<test id="s1-t2" name="Add book into library database" line="20">
<kw name="Create Dictionary" library="BuiltIn">
<var>&amp;{req_body}</var>
<arg>name=${book_name}</arg>
<arg>isbn=981466</arg>
<arg>aisle=324353</arg>
<arg>author=rahulshetty</arg>
<doc>Creates and returns a dictionary based on the given ``items``.</doc>
<msg timestamp="20220812 21:29:09.535" level="INFO">&amp;{req_body} = { name=RobotFramework | isbn=981466 | aisle=324353 | author=rahulshetty }</msg>
<status status="PASS" starttime="20220812 21:29:09.535" endtime="20220812 21:29:09.535"/>
</kw>
<kw name="POST" library="RequestsLibrary">
<var>${response}</var>
<arg>${base_url}/Library/Addbook.php</arg>
<arg>json=${req_body}</arg>
<arg>expected_status=200</arg>
<doc>Sends a POST request.</doc>
<msg timestamp="20220812 21:29:09.853" level="INFO">POST Request : url=https://rahulshettyacademy.com/Library/Addbook.php 
 path_url=/Library/Addbook.php 
 headers={'User-Agent': 'python-requests/2.25.1', 'Accept-Encoding': 'gzip, deflate', 'Accept': '*/*', 'Connection': 'keep-alive', 'Content-Length': '88', 'Content-Type': 'application/json'} 
 body=b'{"name": "RobotFramework", "isbn": "981466", "aisle": "324353", "author": "rahulshetty"}' 
 </msg>
<msg timestamp="20220812 21:29:09.853" level="INFO">POST Response : url=https://rahulshettyacademy.com/Library/Addbook.php 
 status=200, reason=OK 
 headers={'Date': 'Sat, 13 Aug 2022 01:29:10 GMT', 'Server': 'Apache/2.4.41 (Ubuntu)', 'Access-Control-Allow-Origin': '*', 'Access-Control-Allow-Methods': 'POST', 'Access-Control-Max-Age': '3600', 'Access-Control-Allow-Headers': 'Content-Type, Access-Control-Allow-Headers, Authorization, X-Requested-With', 'Content-Length': '48', 'Keep-Alive': 'timeout=5, max=100', 'Connection': 'Keep-Alive', 'Content-Type': 'application/json;charset=UTF-8'} 
 body={"Msg":"successfully added","ID":"981466324353"} 
 </msg>
<msg timestamp="20220812 21:29:09.854" level="INFO">${response} = &lt;Response [200]&gt;</msg>
<status status="PASS" starttime="20220812 21:29:09.536" endtime="20220812 21:29:09.854"/>
</kw>
<kw name="Log" library="BuiltIn">
<arg>${response.json()}</arg>
<doc>Logs the given message with the given level.</doc>
<msg timestamp="20220812 21:29:09.855" level="INFO">{'Msg': 'successfully added', 'ID': '981466324353'}</msg>
<status status="PASS" starttime="20220812 21:29:09.854" endtime="20220812 21:29:09.855"/>
</kw>
<kw name="Dictionary Should Contain Key" library="Collections">
<arg>${response.json()}</arg>
<arg>ID</arg>
<doc>Fails if ``key`` is not found from ``dictionary``.</doc>
<status status="PASS" starttime="20220812 21:29:09.856" endtime="20220812 21:29:09.856"/>
</kw>
<kw name="Get From Dictionary" library="Collections">
<var>${book_id}</var>
<arg>${response.json()}</arg>
<arg>ID</arg>
<doc>Returns a value from the given ``dictionary`` based on the given ``key``.</doc>
<msg timestamp="20220812 21:29:09.858" level="INFO">${book_id} = 981466324353</msg>
<status status="PASS" starttime="20220812 21:29:09.858" endtime="20220812 21:29:09.858"/>
</kw>
<kw name="Log" library="BuiltIn">
<arg>${book_id}</arg>
<doc>Logs the given message with the given level.</doc>
<msg timestamp="20220812 21:29:09.859" level="INFO">981466324353</msg>
<status status="PASS" starttime="20220812 21:29:09.859" endtime="20220812 21:29:09.859"/>
</kw>
<kw name="Set Global Variable" library="BuiltIn">
<arg>${book_id}</arg>
<doc>Makes a variable available globally in all tests and suites.</doc>
<msg timestamp="20220812 21:29:09.860" level="INFO">${book_id} = 981466324353</msg>
<status status="PASS" starttime="20220812 21:29:09.859" endtime="20220812 21:29:09.860"/>
</kw>
<kw name="Should Be Equal As Strings" library="BuiltIn">
<arg>successfully added</arg>
<arg>${response.json()}[Msg]</arg>
<doc>Fails if objects are unequal after converting them to strings.</doc>
<status status="PASS" starttime="20220812 21:29:09.860" endtime="20220812 21:29:09.860"/>
</kw>
<kw name="Status Should Be" library="RequestsLibrary">
<arg>200</arg>
<arg>${response}</arg>
<doc>Fails if response status code is different than the expected.</doc>
<status status="PASS" starttime="20220812 21:29:09.861" endtime="20220812 21:29:09.861"/>
</kw>
<status status="PASS" starttime="20220812 21:29:09.534" endtime="20220812 21:29:09.862"/>
</test>
<test id="s1-t3" name="Get book into library database" line="32">
<kw name="GET" library="RequestsLibrary">
<var>${response}</var>
<arg>url=${base_url}/Library/GetBook.php</arg>
<arg>params=ID=${book_id}</arg>
<arg>expected_status=200</arg>
<doc>Sends a GET request.</doc>
<msg timestamp="20220812 21:29:10.177" level="INFO">GET Request : url=https://rahulshettyacademy.com/Library/GetBook.php?ID=981466324353 
 path_url=/Library/GetBook.php?ID=981466324353 
 headers={'User-Agent': 'python-requests/2.25.1', 'Accept-Encoding': 'gzip, deflate', 'Accept': '*/*', 'Connection': 'keep-alive'} 
 body=None 
 </msg>
<msg timestamp="20220812 21:29:10.177" level="INFO">GET Response : url=https://rahulshettyacademy.com/Library/GetBook.php?ID=981466324353 
 status=200, reason=OK 
 headers={'Date': 'Sat, 13 Aug 2022 01:29:10 GMT', 'Server': 'Apache/2.4.41 (Ubuntu)', 'Access-Control-Allow-Origin': '*', 'Access-Control-Allow-Methods': 'POST', 'Access-Control-Max-Age': '3600', 'Access-Control-Allow-Headers': 'Content-Type, Access-Control-Allow-Headers, Authorization, X-Requested-With', 'Content-Length': '88', 'Keep-Alive': 'timeout=5, max=100', 'Connection': 'Keep-Alive', 'Content-Type': 'application/json;charset=UTF-8'} 
 body=[{"book_name":"RobotFramework","isbn":"981466","aisle":"324353","author":"rahulshetty"}] 
 </msg>
<msg timestamp="20220812 21:29:10.177" level="INFO">${response} = &lt;Response [200]&gt;</msg>
<status status="PASS" starttime="20220812 21:29:09.864" endtime="20220812 21:29:10.177"/>
</kw>
<kw name="Log" library="BuiltIn">
<arg>${response.json()}</arg>
<doc>Logs the given message with the given level.</doc>
<msg timestamp="20220812 21:29:10.178" level="INFO">[{'book_name': 'RobotFramework', 'isbn': '981466', 'aisle': '324353', 'author': 'rahulshetty'}]</msg>
<status status="PASS" starttime="20220812 21:29:10.178" endtime="20220812 21:29:10.179"/>
</kw>
<kw name="Should Be Equal As Strings" library="BuiltIn">
<arg>${book_name}</arg>
<arg>${response.json()}[0][book_name]</arg>
<doc>Fails if objects are unequal after converting them to strings.</doc>
<status status="PASS" starttime="20220812 21:29:10.179" endtime="20220812 21:29:10.179"/>
</kw>
<kw name="Status Should Be" library="RequestsLibrary">
<arg>200</arg>
<arg>${response}</arg>
<doc>Fails if response status code is different than the expected.</doc>
<status status="PASS" starttime="20220812 21:29:10.180" endtime="20220812 21:29:10.180"/>
</kw>
<status status="PASS" starttime="20220812 21:29:09.863" endtime="20220812 21:29:10.180"/>
</test>
<test id="s1-t4" name="Delete book into library database" line="40">
<kw name="Create Dictionary" library="BuiltIn">
<var>&amp;{delete_book}</var>
<arg>ID=${book_id}</arg>
<doc>Creates and returns a dictionary based on the given ``items``.</doc>
<msg timestamp="20220812 21:29:10.182" level="INFO">&amp;{delete_book} = { ID=981466324353 }</msg>
<status status="PASS" starttime="20220812 21:29:10.182" endtime="20220812 21:29:10.182"/>
</kw>
<kw name="POST" library="RequestsLibrary">
<var>${response}</var>
<arg>url=${base_url}/Library/DeleteBook.php</arg>
<arg>json=${delete_book}</arg>
<arg>expected_status=200</arg>
<doc>Sends a POST request.</doc>
<msg timestamp="20220812 21:29:10.509" level="INFO">POST Request : url=https://rahulshettyacademy.com/Library/DeleteBook.php 
 path_url=/Library/DeleteBook.php 
 headers={'User-Agent': 'python-requests/2.25.1', 'Accept-Encoding': 'gzip, deflate', 'Accept': '*/*', 'Connection': 'keep-alive', 'Content-Length': '22', 'Content-Type': 'application/json'} 
 body=b'{"ID": "981466324353"}' 
 </msg>
<msg timestamp="20220812 21:29:10.509" level="INFO">POST Response : url=https://rahulshettyacademy.com/Library/DeleteBook.php 
 status=200, reason=OK 
 headers={'Date': 'Sat, 13 Aug 2022 01:29:11 GMT', 'Server': 'Apache/2.4.41 (Ubuntu)', 'Access-Control-Allow-Origin': '*', 'Access-Control-Allow-Methods': 'POST', 'Access-Control-Max-Age': '3600', 'Access-Control-Allow-Headers': 'Content-Type, Access-Control-Allow-Headers, Authorization, X-Requested-With', 'Content-Length': '38', 'Keep-Alive': 'timeout=5, max=100', 'Connection': 'Keep-Alive', 'Content-Type': 'application/json;charset=UTF-8'} 
 body={"msg":"book is successfully deleted"} 
 </msg>
<msg timestamp="20220812 21:29:10.509" level="INFO">${response} = &lt;Response [200]&gt;</msg>
<status status="PASS" starttime="20220812 21:29:10.183" endtime="20220812 21:29:10.509"/>
</kw>
<kw name="Log" library="BuiltIn">
<arg>${response.json()}</arg>
<doc>Logs the given message with the given level.</doc>
<msg timestamp="20220812 21:29:10.511" level="INFO">{'msg': 'book is successfully deleted'}</msg>
<status status="PASS" starttime="20220812 21:29:10.510" endtime="20220812 21:29:10.511"/>
</kw>
<kw name="Status Should Be" library="RequestsLibrary">
<arg>200</arg>
<arg>${response}</arg>
<doc>Fails if response status code is different than the expected.</doc>
<status status="PASS" starttime="20220812 21:29:10.512" endtime="20220812 21:29:10.512"/>
</kw>
<kw name="Should Be Equal As Strings" library="BuiltIn">
<arg>book is successfully deleted</arg>
<arg>${response.json()}[msg]</arg>
<doc>Fails if objects are unequal after converting them to strings.</doc>
<status status="PASS" starttime="20220812 21:29:10.513" endtime="20220812 21:29:10.513"/>
</kw>
<status status="PASS" starttime="20220812 21:29:10.181" endtime="20220812 21:29:10.514"/>
</test>
<status status="PASS" starttime="20220812 21:29:09.465" endtime="20220812 21:29:10.515"/>
</suite>
<statistics>
<total>
<stat pass="4" fail="0" skip="0">All Tests</stat>
</total>
<tag>
</tag>
<suite>
<stat pass="4" fail="0" skip="0" id="s1" name="TestDemoAPI">TestDemoAPI</stat>
</suite>
</statistics>
<errors>
</errors>
</robot>
